[2020-11-03 23:40:58] local.ERROR: Trying to get property 'creators' of non-object {"exception":"[object] (ErrorException(code: 0): Trying to get property 'creators' of non-object at C:\\Users\\muril\\Documents\\Tecnicatura Diseño Web\\frameworks\\CreatorsHouse-Api\\app\\Http\\Controllers\\CategoryController.php:44)
[stacktrace]
#0 C:\\Users\\muril\\Documents\\Tecnicatura Diseño Web\\frameworks\\CreatorsHouse-Api\\app\\Http\\Controllers\\CategoryController.php(44): Laravel\\Lumen\\Application->Laravel\\Lumen\\Concerns\\{closure}(8, 'Trying to get p...', 'C:\\\\Users\\\\muril\\\\...', 44, Array)
#1 C:\\Users\\muril\\Documents\\Tecnicatura Diseño Web\\frameworks\\CreatorsHouse-Api\\vendor\\illuminate\\container\\BoundMethod.php(36): App\\Http\\Controllers\\CategoryController->showCatCreators('register')
#2 C:\\Users\\muril\\Documents\\Tecnicatura Diseño Web\\frameworks\\CreatorsHouse-Api\\vendor\\illuminate\\container\\Util.php(40): Illuminate\\Container\\BoundMethod::Illuminate\\Container\\{closure}()
#3 C:\\Users\\muril\\Documents\\Tecnicatura Diseño Web\\frameworks\\CreatorsHouse-Api\\vendor\\illuminate\\container\\BoundMethod.php(93): Illuminate\\Container\\Util::unwrapIfClosure(Object(Closure))
#4 C:\\Users\\muril\\Documents\\Tecnicatura Diseño Web\\frameworks\\CreatorsHouse-Api\\vendor\\illuminate\\container\\BoundMethod.php(37): Illuminate\\Container\\BoundMethod::callBoundMethod(Object(Laravel\\Lumen\\Application), Array, Object(Closure))
#5 C:\\Users\\muril\\Documents\\Tecnicatura Diseño Web\\frameworks\\CreatorsHouse-Api\\vendor\\illuminate\\container\\Container.php(596): Illuminate\\Container\\BoundMethod::call(Object(Laravel\\Lumen\\Application), Array, Array, NULL)
#6 C:\\Users\\muril\\Documents\\Tecnicatura Diseño Web\\frameworks\\CreatorsHouse-Api\\vendor\\laravel\\lumen-framework\\src\\Concerns\\RoutesRequests.php(386): Illuminate\\Container\\Container->call(Array, Array)
#7 C:\\Users\\muril\\Documents\\Tecnicatura Diseño Web\\frameworks\\CreatorsHouse-Api\\vendor\\laravel\\lumen-framework\\src\\Concerns\\RoutesRequests.php(352): Laravel\\Lumen\\Application->callControllerCallable(Array, Array)
#8 C:\\Users\\muril\\Documents\\Tecnicatura Diseño Web\\frameworks\\CreatorsHouse-Api\\vendor\\laravel\\lumen-framework\\src\\Concerns\\RoutesRequests.php(326): Laravel\\Lumen\\Application->callLumenController(Object(App\\Http\\Controllers\\CategoryController), 'showCatCreators', Array)
#9 C:\\Users\\muril\\Documents\\Tecnicatura Diseño Web\\frameworks\\CreatorsHouse-Api\\vendor\\laravel\\lumen-framework\\src\\Concerns\\RoutesRequests.php(279): Laravel\\Lumen\\Application->callControllerAction(Array)
#10 C:\\Users\\muril\\Documents\\Tecnicatura Diseño Web\\frameworks\\CreatorsHouse-Api\\vendor\\laravel\\lumen-framework\\src\\Concerns\\RoutesRequests.php(264): Laravel\\Lumen\\Application->callActionOnArrayBasedRoute(Array)
#11 C:\\Users\\muril\\Documents\\Tecnicatura Diseño Web\\frameworks\\CreatorsHouse-Api\\vendor\\laravel\\lumen-framework\\src\\Concerns\\RoutesRequests.php(234): Laravel\\Lumen\\Application->handleFoundRoute(Array)
#12 C:\\Users\\muril\\Documents\\Tecnicatura Diseño Web\\frameworks\\CreatorsHouse-Api\\vendor\\laravel\\lumen-framework\\src\\Concerns\\RoutesRequests.php(170): Laravel\\Lumen\\Application->handleDispatcherResponse(Array)
#13 [internal function]: Laravel\\Lumen\\Application->Laravel\\Lumen\\Concerns\\{closure}(Object(Laravel\\Lumen\\Http\\Request))
#14 C:\\Users\\muril\\Documents\\Tecnicatura Diseño Web\\frameworks\\CreatorsHouse-Api\\vendor\\laravel\\lumen-framework\\src\\Routing\\Pipeline.php(48): call_user_func(Object(Closure), Object(Laravel\\Lumen\\Http\\Request))
#15 C:\\Users\\muril\\Documents\\Tecnicatura Diseño Web\\frameworks\\CreatorsHouse-Api\\vendor\\fruitcake\\laravel-cors\\src\\HandleCors.php(57): Laravel\\Lumen\\Routing\\Pipeline->Laravel\\Lumen\\Routing\\{closure}(Object(Laravel\\Lumen\\Http\\Request))
#16 C:\\Users\\muril\\Documents\\Tecnicatura Diseño Web\\frameworks\\CreatorsHouse-Api\\vendor\\illuminate\\pipeline\\Pipeline.php(167): Fruitcake\\Cors\\HandleCors->handle(Object(Laravel\\Lumen\\Http\\Request), Object(Closure))
#17 [internal function]: Illuminate\\Pipeline\\Pipeline->Illuminate\\Pipeline\\{closure}(Object(Laravel\\Lumen\\Http\\Request))
#18 C:\\Users\\muril\\Documents\\Tecnicatura Diseño Web\\frameworks\\CreatorsHouse-Api\\vendor\\laravel\\lumen-framework\\src\\Routing\\Pipeline.php(30): call_user_func(Object(Closure), Object(Laravel\\Lumen\\Http\\Request))
#19 C:\\Users\\muril\\Documents\\Tecnicatura Diseño Web\\frameworks\\CreatorsHouse-Api\\vendor\\illuminate\\pipeline\\Pipeline.php(103): Laravel\\Lumen\\Routing\\Pipeline->Laravel\\Lumen\\Routing\\{closure}(Object(Laravel\\Lumen\\Http\\Request))
#20 C:\\Users\\muril\\Documents\\Tecnicatura Diseño Web\\frameworks\\CreatorsHouse-Api\\vendor\\laravel\\lumen-framework\\src\\Concerns\\RoutesRequests.php(423): Illuminate\\Pipeline\\Pipeline->then(Object(Closure))
#21 C:\\Users\\muril\\Documents\\Tecnicatura Diseño Web\\frameworks\\CreatorsHouse-Api\\vendor\\laravel\\lumen-framework\\src\\Concerns\\RoutesRequests.php(172): Laravel\\Lumen\\Application->sendThroughPipeline(Array, Object(Closure))
#22 C:\\Users\\muril\\Documents\\Tecnicatura Diseño Web\\frameworks\\CreatorsHouse-Api\\vendor\\laravel\\lumen-framework\\src\\Concerns\\RoutesRequests.php(109): Laravel\\Lumen\\Application->dispatch(NULL)
#23 C:\\Users\\muril\\Documents\\Tecnicatura Diseño Web\\frameworks\\CreatorsHouse-Api\\public\\index.php(28): Laravel\\Lumen\\Application->run()
#24 {main}
"} 
[2020-11-03 23:41:05] local.ERROR: Trying to get property 'creators' of non-object {"exception":"[object] (ErrorException(code: 0): Trying to get property 'creators' of non-object at C:\\Users\\muril\\Documents\\Tecnicatura Diseño Web\\frameworks\\CreatorsHouse-Api\\app\\Http\\Controllers\\CategoryController.php:44)
[stacktrace]
#0 C:\\Users\\muril\\Documents\\Tecnicatura Diseño Web\\frameworks\\CreatorsHouse-Api\\app\\Http\\Controllers\\CategoryController.php(44): Laravel\\Lumen\\Application->Laravel\\Lumen\\Concerns\\{closure}(8, 'Trying to get p...', 'C:\\\\Users\\\\muril\\\\...', 44, Array)
#1 C:\\Users\\muril\\Documents\\Tecnicatura Diseño Web\\frameworks\\CreatorsHouse-Api\\vendor\\illuminate\\container\\BoundMethod.php(36): App\\Http\\Controllers\\CategoryController->showCatCreators('register')
#2 C:\\Users\\muril\\Documents\\Tecnicatura Diseño Web\\frameworks\\CreatorsHouse-Api\\vendor\\illuminate\\container\\Util.php(40): Illuminate\\Container\\BoundMethod::Illuminate\\Container\\{closure}()
#3 C:\\Users\\muril\\Documents\\Tecnicatura Diseño Web\\frameworks\\CreatorsHouse-Api\\vendor\\illuminate\\container\\BoundMethod.php(93): Illuminate\\Container\\Util::unwrapIfClosure(Object(Closure))
#4 C:\\Users\\muril\\Documents\\Tecnicatura Diseño Web\\frameworks\\CreatorsHouse-Api\\vendor\\illuminate\\container\\BoundMethod.php(37): Illuminate\\Container\\BoundMethod::callBoundMethod(Object(Laravel\\Lumen\\Application), Array, Object(Closure))
#5 C:\\Users\\muril\\Documents\\Tecnicatura Diseño Web\\frameworks\\CreatorsHouse-Api\\vendor\\illuminate\\container\\Container.php(596): Illuminate\\Container\\BoundMethod::call(Object(Laravel\\Lumen\\Application), Array, Array, NULL)
#6 C:\\Users\\muril\\Documents\\Tecnicatura Diseño Web\\frameworks\\CreatorsHouse-Api\\vendor\\laravel\\lumen-framework\\src\\Concerns\\RoutesRequests.php(386): Illuminate\\Container\\Container->call(Array, Array)
#7 C:\\Users\\muril\\Documents\\Tecnicatura Diseño Web\\frameworks\\CreatorsHouse-Api\\vendor\\laravel\\lumen-framework\\src\\Concerns\\RoutesRequests.php(352): Laravel\\Lumen\\Application->callControllerCallable(Array, Array)
#8 C:\\Users\\muril\\Documents\\Tecnicatura Diseño Web\\frameworks\\CreatorsHouse-Api\\vendor\\laravel\\lumen-framework\\src\\Concerns\\RoutesRequests.php(326): Laravel\\Lumen\\Application->callLumenController(Object(App\\Http\\Controllers\\CategoryController), 'showCatCreators', Array)
#9 C:\\Users\\muril\\Documents\\Tecnicatura Diseño Web\\frameworks\\CreatorsHouse-Api\\vendor\\laravel\\lumen-framework\\src\\Concerns\\RoutesRequests.php(279): Laravel\\Lumen\\Application->callControllerAction(Array)
#10 C:\\Users\\muril\\Documents\\Tecnicatura Diseño Web\\frameworks\\CreatorsHouse-Api\\vendor\\laravel\\lumen-framework\\src\\Concerns\\RoutesRequests.php(264): Laravel\\Lumen\\Application->callActionOnArrayBasedRoute(Array)
#11 C:\\Users\\muril\\Documents\\Tecnicatura Diseño Web\\frameworks\\CreatorsHouse-Api\\vendor\\laravel\\lumen-framework\\src\\Concerns\\RoutesRequests.php(234): Laravel\\Lumen\\Application->handleFoundRoute(Array)
#12 C:\\Users\\muril\\Documents\\Tecnicatura Diseño Web\\frameworks\\CreatorsHouse-Api\\vendor\\laravel\\lumen-framework\\src\\Concerns\\RoutesRequests.php(170): Laravel\\Lumen\\Application->handleDispatcherResponse(Array)
#13 [internal function]: Laravel\\Lumen\\Application->Laravel\\Lumen\\Concerns\\{closure}(Object(Laravel\\Lumen\\Http\\Request))
#14 C:\\Users\\muril\\Documents\\Tecnicatura Diseño Web\\frameworks\\CreatorsHouse-Api\\vendor\\laravel\\lumen-framework\\src\\Routing\\Pipeline.php(48): call_user_func(Object(Closure), Object(Laravel\\Lumen\\Http\\Request))
#15 C:\\Users\\muril\\Documents\\Tecnicatura Diseño Web\\frameworks\\CreatorsHouse-Api\\vendor\\fruitcake\\laravel-cors\\src\\HandleCors.php(57): Laravel\\Lumen\\Routing\\Pipeline->Laravel\\Lumen\\Routing\\{closure}(Object(Laravel\\Lumen\\Http\\Request))
#16 C:\\Users\\muril\\Documents\\Tecnicatura Diseño Web\\frameworks\\CreatorsHouse-Api\\vendor\\illuminate\\pipeline\\Pipeline.php(167): Fruitcake\\Cors\\HandleCors->handle(Object(Laravel\\Lumen\\Http\\Request), Object(Closure))
#17 [internal function]: Illuminate\\Pipeline\\Pipeline->Illuminate\\Pipeline\\{closure}(Object(Laravel\\Lumen\\Http\\Request))
#18 C:\\Users\\muril\\Documents\\Tecnicatura Diseño Web\\frameworks\\CreatorsHouse-Api\\vendor\\laravel\\lumen-framework\\src\\Routing\\Pipeline.php(30): call_user_func(Object(Closure), Object(Laravel\\Lumen\\Http\\Request))
#19 C:\\Users\\muril\\Documents\\Tecnicatura Diseño Web\\frameworks\\CreatorsHouse-Api\\vendor\\illuminate\\pipeline\\Pipeline.php(103): Laravel\\Lumen\\Routing\\Pipeline->Laravel\\Lumen\\Routing\\{closure}(Object(Laravel\\Lumen\\Http\\Request))
#20 C:\\Users\\muril\\Documents\\Tecnicatura Diseño Web\\frameworks\\CreatorsHouse-Api\\vendor\\laravel\\lumen-framework\\src\\Concerns\\RoutesRequests.php(423): Illuminate\\Pipeline\\Pipeline->then(Object(Closure))
#21 C:\\Users\\muril\\Documents\\Tecnicatura Diseño Web\\frameworks\\CreatorsHouse-Api\\vendor\\laravel\\lumen-framework\\src\\Concerns\\RoutesRequests.php(172): Laravel\\Lumen\\Application->sendThroughPipeline(Array, Object(Closure))
#22 C:\\Users\\muril\\Documents\\Tecnicatura Diseño Web\\frameworks\\CreatorsHouse-Api\\vendor\\laravel\\lumen-framework\\src\\Concerns\\RoutesRequests.php(109): Laravel\\Lumen\\Application->dispatch(NULL)
#23 C:\\Users\\muril\\Documents\\Tecnicatura Diseño Web\\frameworks\\CreatorsHouse-Api\\public\\index.php(28): Laravel\\Lumen\\Application->run()
#24 {main}
"} 
[2020-11-03 23:41:10] local.ERROR: Trying to get property 'creators' of non-object {"exception":"[object] (ErrorException(code: 0): Trying to get property 'creators' of non-object at C:\\Users\\muril\\Documents\\Tecnicatura Diseño Web\\frameworks\\CreatorsHouse-Api\\app\\Http\\Controllers\\CategoryController.php:44)
[stacktrace]
#0 C:\\Users\\muril\\Documents\\Tecnicatura Diseño Web\\frameworks\\CreatorsHouse-Api\\app\\Http\\Controllers\\CategoryController.php(44): Laravel\\Lumen\\Application->Laravel\\Lumen\\Concerns\\{closure}(8, 'Trying to get p...', 'C:\\\\Users\\\\muril\\\\...', 44, Array)
#1 C:\\Users\\muril\\Documents\\Tecnicatura Diseño Web\\frameworks\\CreatorsHouse-Api\\vendor\\illuminate\\container\\BoundMethod.php(36): App\\Http\\Controllers\\CategoryController->showCatCreators('register')
#2 C:\\Users\\muril\\Documents\\Tecnicatura Diseño Web\\frameworks\\CreatorsHouse-Api\\vendor\\illuminate\\container\\Util.php(40): Illuminate\\Container\\BoundMethod::Illuminate\\Container\\{closure}()
#3 C:\\Users\\muril\\Documents\\Tecnicatura Diseño Web\\frameworks\\CreatorsHouse-Api\\vendor\\illuminate\\container\\BoundMethod.php(93): Illuminate\\Container\\Util::unwrapIfClosure(Object(Closure))
#4 C:\\Users\\muril\\Documents\\Tecnicatura Diseño Web\\frameworks\\CreatorsHouse-Api\\vendor\\illuminate\\container\\BoundMethod.php(37): Illuminate\\Container\\BoundMethod::callBoundMethod(Object(Laravel\\Lumen\\Application), Array, Object(Closure))
#5 C:\\Users\\muril\\Documents\\Tecnicatura Diseño Web\\frameworks\\CreatorsHouse-Api\\vendor\\illuminate\\container\\Container.php(596): Illuminate\\Container\\BoundMethod::call(Object(Laravel\\Lumen\\Application), Array, Array, NULL)
#6 C:\\Users\\muril\\Documents\\Tecnicatura Diseño Web\\frameworks\\CreatorsHouse-Api\\vendor\\laravel\\lumen-framework\\src\\Concerns\\RoutesRequests.php(386): Illuminate\\Container\\Container->call(Array, Array)
#7 C:\\Users\\muril\\Documents\\Tecnicatura Diseño Web\\frameworks\\CreatorsHouse-Api\\vendor\\laravel\\lumen-framework\\src\\Concerns\\RoutesRequests.php(352): Laravel\\Lumen\\Application->callControllerCallable(Array, Array)
#8 C:\\Users\\muril\\Documents\\Tecnicatura Diseño Web\\frameworks\\CreatorsHouse-Api\\vendor\\laravel\\lumen-framework\\src\\Concerns\\RoutesRequests.php(326): Laravel\\Lumen\\Application->callLumenController(Object(App\\Http\\Controllers\\CategoryController), 'showCatCreators', Array)
#9 C:\\Users\\muril\\Documents\\Tecnicatura Diseño Web\\frameworks\\CreatorsHouse-Api\\vendor\\laravel\\lumen-framework\\src\\Concerns\\RoutesRequests.php(279): Laravel\\Lumen\\Application->callControllerAction(Array)
#10 C:\\Users\\muril\\Documents\\Tecnicatura Diseño Web\\frameworks\\CreatorsHouse-Api\\vendor\\laravel\\lumen-framework\\src\\Concerns\\RoutesRequests.php(264): Laravel\\Lumen\\Application->callActionOnArrayBasedRoute(Array)
#11 C:\\Users\\muril\\Documents\\Tecnicatura Diseño Web\\frameworks\\CreatorsHouse-Api\\vendor\\laravel\\lumen-framework\\src\\Concerns\\RoutesRequests.php(234): Laravel\\Lumen\\Application->handleFoundRoute(Array)
#12 C:\\Users\\muril\\Documents\\Tecnicatura Diseño Web\\frameworks\\CreatorsHouse-Api\\vendor\\laravel\\lumen-framework\\src\\Concerns\\RoutesRequests.php(170): Laravel\\Lumen\\Application->handleDispatcherResponse(Array)
#13 [internal function]: Laravel\\Lumen\\Application->Laravel\\Lumen\\Concerns\\{closure}(Object(Laravel\\Lumen\\Http\\Request))
#14 C:\\Users\\muril\\Documents\\Tecnicatura Diseño Web\\frameworks\\CreatorsHouse-Api\\vendor\\laravel\\lumen-framework\\src\\Routing\\Pipeline.php(48): call_user_func(Object(Closure), Object(Laravel\\Lumen\\Http\\Request))
#15 C:\\Users\\muril\\Documents\\Tecnicatura Diseño Web\\frameworks\\CreatorsHouse-Api\\vendor\\fruitcake\\laravel-cors\\src\\HandleCors.php(57): Laravel\\Lumen\\Routing\\Pipeline->Laravel\\Lumen\\Routing\\{closure}(Object(Laravel\\Lumen\\Http\\Request))
#16 C:\\Users\\muril\\Documents\\Tecnicatura Diseño Web\\frameworks\\CreatorsHouse-Api\\vendor\\illuminate\\pipeline\\Pipeline.php(167): Fruitcake\\Cors\\HandleCors->handle(Object(Laravel\\Lumen\\Http\\Request), Object(Closure))
#17 [internal function]: Illuminate\\Pipeline\\Pipeline->Illuminate\\Pipeline\\{closure}(Object(Laravel\\Lumen\\Http\\Request))
#18 C:\\Users\\muril\\Documents\\Tecnicatura Diseño Web\\frameworks\\CreatorsHouse-Api\\vendor\\laravel\\lumen-framework\\src\\Routing\\Pipeline.php(30): call_user_func(Object(Closure), Object(Laravel\\Lumen\\Http\\Request))
#19 C:\\Users\\muril\\Documents\\Tecnicatura Diseño Web\\frameworks\\CreatorsHouse-Api\\vendor\\illuminate\\pipeline\\Pipeline.php(103): Laravel\\Lumen\\Routing\\Pipeline->Laravel\\Lumen\\Routing\\{closure}(Object(Laravel\\Lumen\\Http\\Request))
#20 C:\\Users\\muril\\Documents\\Tecnicatura Diseño Web\\frameworks\\CreatorsHouse-Api\\vendor\\laravel\\lumen-framework\\src\\Concerns\\RoutesRequests.php(423): Illuminate\\Pipeline\\Pipeline->then(Object(Closure))
#21 C:\\Users\\muril\\Documents\\Tecnicatura Diseño Web\\frameworks\\CreatorsHouse-Api\\vendor\\laravel\\lumen-framework\\src\\Concerns\\RoutesRequests.php(172): Laravel\\Lumen\\Application->sendThroughPipeline(Array, Object(Closure))
#22 C:\\Users\\muril\\Documents\\Tecnicatura Diseño Web\\frameworks\\CreatorsHouse-Api\\vendor\\laravel\\lumen-framework\\src\\Concerns\\RoutesRequests.php(109): Laravel\\Lumen\\Application->dispatch(NULL)
#23 C:\\Users\\muril\\Documents\\Tecnicatura Diseño Web\\frameworks\\CreatorsHouse-Api\\public\\index.php(28): Laravel\\Lumen\\Application->run()
#24 {main}
"} 
[2020-11-03 23:41:34] local.ERROR: Trying to get property 'creators' of non-object {"exception":"[object] (ErrorException(code: 0): Trying to get property 'creators' of non-object at C:\\Users\\muril\\Documents\\Tecnicatura Diseño Web\\frameworks\\CreatorsHouse-Api\\app\\Http\\Controllers\\CategoryController.php:44)
[stacktrace]
#0 C:\\Users\\muril\\Documents\\Tecnicatura Diseño Web\\frameworks\\CreatorsHouse-Api\\app\\Http\\Controllers\\CategoryController.php(44): Laravel\\Lumen\\Application->Laravel\\Lumen\\Concerns\\{closure}(8, 'Trying to get p...', 'C:\\\\Users\\\\muril\\\\...', 44, Array)
#1 C:\\Users\\muril\\Documents\\Tecnicatura Diseño Web\\frameworks\\CreatorsHouse-Api\\vendor\\illuminate\\container\\BoundMethod.php(36): App\\Http\\Controllers\\CategoryController->showCatCreators('register')
#2 C:\\Users\\muril\\Documents\\Tecnicatura Diseño Web\\frameworks\\CreatorsHouse-Api\\vendor\\illuminate\\container\\Util.php(40): Illuminate\\Container\\BoundMethod::Illuminate\\Container\\{closure}()
#3 C:\\Users\\muril\\Documents\\Tecnicatura Diseño Web\\frameworks\\CreatorsHouse-Api\\vendor\\illuminate\\container\\BoundMethod.php(93): Illuminate\\Container\\Util::unwrapIfClosure(Object(Closure))
#4 C:\\Users\\muril\\Documents\\Tecnicatura Diseño Web\\frameworks\\CreatorsHouse-Api\\vendor\\illuminate\\container\\BoundMethod.php(37): Illuminate\\Container\\BoundMethod::callBoundMethod(Object(Laravel\\Lumen\\Application), Array, Object(Closure))
#5 C:\\Users\\muril\\Documents\\Tecnicatura Diseño Web\\frameworks\\CreatorsHouse-Api\\vendor\\illuminate\\container\\Container.php(596): Illuminate\\Container\\BoundMethod::call(Object(Laravel\\Lumen\\Application), Array, Array, NULL)
#6 C:\\Users\\muril\\Documents\\Tecnicatura Diseño Web\\frameworks\\CreatorsHouse-Api\\vendor\\laravel\\lumen-framework\\src\\Concerns\\RoutesRequests.php(386): Illuminate\\Container\\Container->call(Array, Array)
#7 C:\\Users\\muril\\Documents\\Tecnicatura Diseño Web\\frameworks\\CreatorsHouse-Api\\vendor\\laravel\\lumen-framework\\src\\Concerns\\RoutesRequests.php(352): Laravel\\Lumen\\Application->callControllerCallable(Array, Array)
#8 C:\\Users\\muril\\Documents\\Tecnicatura Diseño Web\\frameworks\\CreatorsHouse-Api\\vendor\\laravel\\lumen-framework\\src\\Concerns\\RoutesRequests.php(326): Laravel\\Lumen\\Application->callLumenController(Object(App\\Http\\Controllers\\CategoryController), 'showCatCreators', Array)
#9 C:\\Users\\muril\\Documents\\Tecnicatura Diseño Web\\frameworks\\CreatorsHouse-Api\\vendor\\laravel\\lumen-framework\\src\\Concerns\\RoutesRequests.php(279): Laravel\\Lumen\\Application->callControllerAction(Array)
#10 C:\\Users\\muril\\Documents\\Tecnicatura Diseño Web\\frameworks\\CreatorsHouse-Api\\vendor\\laravel\\lumen-framework\\src\\Concerns\\RoutesRequests.php(264): Laravel\\Lumen\\Application->callActionOnArrayBasedRoute(Array)
#11 C:\\Users\\muril\\Documents\\Tecnicatura Diseño Web\\frameworks\\CreatorsHouse-Api\\vendor\\laravel\\lumen-framework\\src\\Concerns\\RoutesRequests.php(234): Laravel\\Lumen\\Application->handleFoundRoute(Array)
#12 C:\\Users\\muril\\Documents\\Tecnicatura Diseño Web\\frameworks\\CreatorsHouse-Api\\vendor\\laravel\\lumen-framework\\src\\Concerns\\RoutesRequests.php(170): Laravel\\Lumen\\Application->handleDispatcherResponse(Array)
#13 [internal function]: Laravel\\Lumen\\Application->Laravel\\Lumen\\Concerns\\{closure}(Object(Laravel\\Lumen\\Http\\Request))
#14 C:\\Users\\muril\\Documents\\Tecnicatura Diseño Web\\frameworks\\CreatorsHouse-Api\\vendor\\laravel\\lumen-framework\\src\\Routing\\Pipeline.php(48): call_user_func(Object(Closure), Object(Laravel\\Lumen\\Http\\Request))
#15 C:\\Users\\muril\\Documents\\Tecnicatura Diseño Web\\frameworks\\CreatorsHouse-Api\\vendor\\fruitcake\\laravel-cors\\src\\HandleCors.php(57): Laravel\\Lumen\\Routing\\Pipeline->Laravel\\Lumen\\Routing\\{closure}(Object(Laravel\\Lumen\\Http\\Request))
#16 C:\\Users\\muril\\Documents\\Tecnicatura Diseño Web\\frameworks\\CreatorsHouse-Api\\vendor\\illuminate\\pipeline\\Pipeline.php(167): Fruitcake\\Cors\\HandleCors->handle(Object(Laravel\\Lumen\\Http\\Request), Object(Closure))
#17 [internal function]: Illuminate\\Pipeline\\Pipeline->Illuminate\\Pipeline\\{closure}(Object(Laravel\\Lumen\\Http\\Request))
#18 C:\\Users\\muril\\Documents\\Tecnicatura Diseño Web\\frameworks\\CreatorsHouse-Api\\vendor\\laravel\\lumen-framework\\src\\Routing\\Pipeline.php(30): call_user_func(Object(Closure), Object(Laravel\\Lumen\\Http\\Request))
#19 C:\\Users\\muril\\Documents\\Tecnicatura Diseño Web\\frameworks\\CreatorsHouse-Api\\vendor\\illuminate\\pipeline\\Pipeline.php(103): Laravel\\Lumen\\Routing\\Pipeline->Laravel\\Lumen\\Routing\\{closure}(Object(Laravel\\Lumen\\Http\\Request))
#20 C:\\Users\\muril\\Documents\\Tecnicatura Diseño Web\\frameworks\\CreatorsHouse-Api\\vendor\\laravel\\lumen-framework\\src\\Concerns\\RoutesRequests.php(423): Illuminate\\Pipeline\\Pipeline->then(Object(Closure))
#21 C:\\Users\\muril\\Documents\\Tecnicatura Diseño Web\\frameworks\\CreatorsHouse-Api\\vendor\\laravel\\lumen-framework\\src\\Concerns\\RoutesRequests.php(172): Laravel\\Lumen\\Application->sendThroughPipeline(Array, Object(Closure))
#22 C:\\Users\\muril\\Documents\\Tecnicatura Diseño Web\\frameworks\\CreatorsHouse-Api\\vendor\\laravel\\lumen-framework\\src\\Concerns\\RoutesRequests.php(109): Laravel\\Lumen\\Application->dispatch(NULL)
#23 C:\\Users\\muril\\Documents\\Tecnicatura Diseño Web\\frameworks\\CreatorsHouse-Api\\public\\index.php(28): Laravel\\Lumen\\Application->run()
#24 {main}
"} 
