[2020-10-25 23:25:17] local.ERROR: Class 'Laravel\Passport\PassportServiceProvider' not found {"exception":"[object] (Error(code: 0): Class 'Laravel\\Passport\\PassportServiceProvider' not found at C:\\Users\\muril\\Documents\\Tecnicatura Diseño Web\\frameworks\\CreatorsHouse-Api\\vendor\\laravel\\lumen-framework\\src\\Application.php:223)
[stacktrace]
#0 C:\\Users\\muril\\Documents\\Tecnicatura Diseño Web\\frameworks\\CreatorsHouse-Api\\bootstrap\\app.php(104): Laravel\\Lumen\\Application->register('Laravel\\\\Passpor...')
#1 C:\\Users\\muril\\Documents\\Tecnicatura Diseño Web\\frameworks\\CreatorsHouse-Api\\artisan(18): require('C:\\\\Users\\\\muril\\\\...')
#2 {main}
"} 
[2020-10-25 23:54:50] local.ERROR: The authorization grant type is not supported by the authorization server. {"exception":"[object] (Laravel\\Passport\\Exceptions\\OAuthServerException(code: 2): The authorization grant type is not supported by the authorization server. at C:\\Users\\muril\\Documents\\Tecnicatura Diseño Web\\frameworks\\CreatorsHouse-Api\\vendor\\laravel\\passport\\src\\Http\\Controllers\\HandlesOAuthErrors.php:26)
[stacktrace]
#0 C:\\Users\\muril\\Documents\\Tecnicatura Diseño Web\\frameworks\\CreatorsHouse-Api\\vendor\\dusterio\\lumen-passport\\src\\Http\\Controllers\\AccessTokenController.php(35): Laravel\\Passport\\Http\\Controllers\\AccessTokenController->withErrorHandling(Object(Closure))
#1 C:\\Users\\muril\\Documents\\Tecnicatura Diseño Web\\frameworks\\CreatorsHouse-Api\\vendor\\illuminate\\container\\BoundMethod.php(36): Dusterio\\LumenPassport\\Http\\Controllers\\AccessTokenController->issueToken(Object(Nyholm\\Psr7\\ServerRequest))
#2 C:\\Users\\muril\\Documents\\Tecnicatura Diseño Web\\frameworks\\CreatorsHouse-Api\\vendor\\illuminate\\container\\Util.php(40): Illuminate\\Container\\BoundMethod::Illuminate\\Container\\{closure}()
#3 C:\\Users\\muril\\Documents\\Tecnicatura Diseño Web\\frameworks\\CreatorsHouse-Api\\vendor\\illuminate\\container\\BoundMethod.php(93): Illuminate\\Container\\Util::unwrapIfClosure(Object(Closure))
#4 C:\\Users\\muril\\Documents\\Tecnicatura Diseño Web\\frameworks\\CreatorsHouse-Api\\vendor\\illuminate\\container\\BoundMethod.php(37): Illuminate\\Container\\BoundMethod::callBoundMethod(Object(Laravel\\Lumen\\Application), Array, Object(Closure))
#5 C:\\Users\\muril\\Documents\\Tecnicatura Diseño Web\\frameworks\\CreatorsHouse-Api\\vendor\\illuminate\\container\\Container.php(596): Illuminate\\Container\\BoundMethod::call(Object(Laravel\\Lumen\\Application), Array, Array, NULL)
#6 C:\\Users\\muril\\Documents\\Tecnicatura Diseño Web\\frameworks\\CreatorsHouse-Api\\vendor\\laravel\\lumen-framework\\src\\Concerns\\RoutesRequests.php(386): Illuminate\\Container\\Container->call(Array, Array)
#7 C:\\Users\\muril\\Documents\\Tecnicatura Diseño Web\\frameworks\\CreatorsHouse-Api\\vendor\\laravel\\lumen-framework\\src\\Concerns\\RoutesRequests.php(329): Laravel\\Lumen\\Application->callControllerCallable(Array, Array)
#8 C:\\Users\\muril\\Documents\\Tecnicatura Diseño Web\\frameworks\\CreatorsHouse-Api\\vendor\\laravel\\lumen-framework\\src\\Concerns\\RoutesRequests.php(279): Laravel\\Lumen\\Application->callControllerAction(Array)
#9 C:\\Users\\muril\\Documents\\Tecnicatura Diseño Web\\frameworks\\CreatorsHouse-Api\\vendor\\laravel\\lumen-framework\\src\\Concerns\\RoutesRequests.php(264): Laravel\\Lumen\\Application->callActionOnArrayBasedRoute(Array)
#10 C:\\Users\\muril\\Documents\\Tecnicatura Diseño Web\\frameworks\\CreatorsHouse-Api\\vendor\\laravel\\lumen-framework\\src\\Concerns\\RoutesRequests.php(166): Laravel\\Lumen\\Application->handleFoundRoute(Array)
#11 [internal function]: Laravel\\Lumen\\Application->Laravel\\Lumen\\Concerns\\{closure}(Object(Laravel\\Lumen\\Http\\Request))
#12 C:\\Users\\muril\\Documents\\Tecnicatura Diseño Web\\frameworks\\CreatorsHouse-Api\\vendor\\laravel\\lumen-framework\\src\\Routing\\Pipeline.php(48): call_user_func(Object(Closure), Object(Laravel\\Lumen\\Http\\Request))
#13 C:\\Users\\muril\\Documents\\Tecnicatura Diseño Web\\frameworks\\CreatorsHouse-Api\\app\\Http\\Middleware\\Cors.php(30): Laravel\\Lumen\\Routing\\Pipeline->Laravel\\Lumen\\Routing\\{closure}(Object(Laravel\\Lumen\\Http\\Request))
#14 C:\\Users\\muril\\Documents\\Tecnicatura Diseño Web\\frameworks\\CreatorsHouse-Api\\vendor\\illuminate\\pipeline\\Pipeline.php(167): App\\Http\\Middleware\\Cors->handle(Object(Laravel\\Lumen\\Http\\Request), Object(Closure))
#15 [internal function]: Illuminate\\Pipeline\\Pipeline->Illuminate\\Pipeline\\{closure}(Object(Laravel\\Lumen\\Http\\Request))
#16 C:\\Users\\muril\\Documents\\Tecnicatura Diseño Web\\frameworks\\CreatorsHouse-Api\\vendor\\laravel\\lumen-framework\\src\\Routing\\Pipeline.php(30): call_user_func(Object(Closure), Object(Laravel\\Lumen\\Http\\Request))
#17 C:\\Users\\muril\\Documents\\Tecnicatura Diseño Web\\frameworks\\CreatorsHouse-Api\\vendor\\illuminate\\pipeline\\Pipeline.php(103): Laravel\\Lumen\\Routing\\Pipeline->Laravel\\Lumen\\Routing\\{closure}(Object(Laravel\\Lumen\\Http\\Request))
#18 C:\\Users\\muril\\Documents\\Tecnicatura Diseño Web\\frameworks\\CreatorsHouse-Api\\vendor\\laravel\\lumen-framework\\src\\Concerns\\RoutesRequests.php(423): Illuminate\\Pipeline\\Pipeline->then(Object(Closure))
#19 C:\\Users\\muril\\Documents\\Tecnicatura Diseño Web\\frameworks\\CreatorsHouse-Api\\vendor\\laravel\\lumen-framework\\src\\Concerns\\RoutesRequests.php(172): Laravel\\Lumen\\Application->sendThroughPipeline(Array, Object(Closure))
#20 C:\\Users\\muril\\Documents\\Tecnicatura Diseño Web\\frameworks\\CreatorsHouse-Api\\vendor\\laravel\\lumen-framework\\src\\Concerns\\RoutesRequests.php(109): Laravel\\Lumen\\Application->dispatch(NULL)
#21 C:\\Users\\muril\\Documents\\Tecnicatura Diseño Web\\frameworks\\CreatorsHouse-Api\\public\\index.php(28): Laravel\\Lumen\\Application->run()
#22 {main}

[previous exception] [object] (League\\OAuth2\\Server\\Exception\\OAuthServerException(code: 2): The authorization grant type is not supported by the authorization server. at C:\\Users\\muril\\Documents\\Tecnicatura Diseño Web\\frameworks\\CreatorsHouse-Api\\vendor\\league\\oauth2-server\\src\\Exception\\OAuthServerException.php:124)
[stacktrace]
#0 C:\\Users\\muril\\Documents\\Tecnicatura Diseño Web\\frameworks\\CreatorsHouse-Api\\vendor\\league\\oauth2-server\\src\\AuthorizationServer.php(206): League\\OAuth2\\Server\\Exception\\OAuthServerException::unsupportedGrantType()
#1 C:\\Users\\muril\\Documents\\Tecnicatura Diseño Web\\frameworks\\CreatorsHouse-Api\\vendor\\dusterio\\lumen-passport\\src\\Http\\Controllers\\AccessTokenController.php(34): League\\OAuth2\\Server\\AuthorizationServer->respondToAccessTokenRequest(Object(Nyholm\\Psr7\\ServerRequest), Object(Laminas\\Diactoros\\Response))
#2 C:\\Users\\muril\\Documents\\Tecnicatura Diseño Web\\frameworks\\CreatorsHouse-Api\\vendor\\laravel\\passport\\src\\Http\\Controllers\\HandlesOAuthErrors.php(24): Dusterio\\LumenPassport\\Http\\Controllers\\AccessTokenController->Dusterio\\LumenPassport\\Http\\Controllers\\{closure}()
#3 C:\\Users\\muril\\Documents\\Tecnicatura Diseño Web\\frameworks\\CreatorsHouse-Api\\vendor\\dusterio\\lumen-passport\\src\\Http\\Controllers\\AccessTokenController.php(35): Laravel\\Passport\\Http\\Controllers\\AccessTokenController->withErrorHandling(Object(Closure))
#4 C:\\Users\\muril\\Documents\\Tecnicatura Diseño Web\\frameworks\\CreatorsHouse-Api\\vendor\\illuminate\\container\\BoundMethod.php(36): Dusterio\\LumenPassport\\Http\\Controllers\\AccessTokenController->issueToken(Object(Nyholm\\Psr7\\ServerRequest))
#5 C:\\Users\\muril\\Documents\\Tecnicatura Diseño Web\\frameworks\\CreatorsHouse-Api\\vendor\\illuminate\\container\\Util.php(40): Illuminate\\Container\\BoundMethod::Illuminate\\Container\\{closure}()
#6 C:\\Users\\muril\\Documents\\Tecnicatura Diseño Web\\frameworks\\CreatorsHouse-Api\\vendor\\illuminate\\container\\BoundMethod.php(93): Illuminate\\Container\\Util::unwrapIfClosure(Object(Closure))
#7 C:\\Users\\muril\\Documents\\Tecnicatura Diseño Web\\frameworks\\CreatorsHouse-Api\\vendor\\illuminate\\container\\BoundMethod.php(37): Illuminate\\Container\\BoundMethod::callBoundMethod(Object(Laravel\\Lumen\\Application), Array, Object(Closure))
#8 C:\\Users\\muril\\Documents\\Tecnicatura Diseño Web\\frameworks\\CreatorsHouse-Api\\vendor\\illuminate\\container\\Container.php(596): Illuminate\\Container\\BoundMethod::call(Object(Laravel\\Lumen\\Application), Array, Array, NULL)
#9 C:\\Users\\muril\\Documents\\Tecnicatura Diseño Web\\frameworks\\CreatorsHouse-Api\\vendor\\laravel\\lumen-framework\\src\\Concerns\\RoutesRequests.php(386): Illuminate\\Container\\Container->call(Array, Array)
#10 C:\\Users\\muril\\Documents\\Tecnicatura Diseño Web\\frameworks\\CreatorsHouse-Api\\vendor\\laravel\\lumen-framework\\src\\Concerns\\RoutesRequests.php(329): Laravel\\Lumen\\Application->callControllerCallable(Array, Array)
#11 C:\\Users\\muril\\Documents\\Tecnicatura Diseño Web\\frameworks\\CreatorsHouse-Api\\vendor\\laravel\\lumen-framework\\src\\Concerns\\RoutesRequests.php(279): Laravel\\Lumen\\Application->callControllerAction(Array)
#12 C:\\Users\\muril\\Documents\\Tecnicatura Diseño Web\\frameworks\\CreatorsHouse-Api\\vendor\\laravel\\lumen-framework\\src\\Concerns\\RoutesRequests.php(264): Laravel\\Lumen\\Application->callActionOnArrayBasedRoute(Array)
#13 C:\\Users\\muril\\Documents\\Tecnicatura Diseño Web\\frameworks\\CreatorsHouse-Api\\vendor\\laravel\\lumen-framework\\src\\Concerns\\RoutesRequests.php(166): Laravel\\Lumen\\Application->handleFoundRoute(Array)
#14 [internal function]: Laravel\\Lumen\\Application->Laravel\\Lumen\\Concerns\\{closure}(Object(Laravel\\Lumen\\Http\\Request))
#15 C:\\Users\\muril\\Documents\\Tecnicatura Diseño Web\\frameworks\\CreatorsHouse-Api\\vendor\\laravel\\lumen-framework\\src\\Routing\\Pipeline.php(48): call_user_func(Object(Closure), Object(Laravel\\Lumen\\Http\\Request))
#16 C:\\Users\\muril\\Documents\\Tecnicatura Diseño Web\\frameworks\\CreatorsHouse-Api\\app\\Http\\Middleware\\Cors.php(30): Laravel\\Lumen\\Routing\\Pipeline->Laravel\\Lumen\\Routing\\{closure}(Object(Laravel\\Lumen\\Http\\Request))
#17 C:\\Users\\muril\\Documents\\Tecnicatura Diseño Web\\frameworks\\CreatorsHouse-Api\\vendor\\illuminate\\pipeline\\Pipeline.php(167): App\\Http\\Middleware\\Cors->handle(Object(Laravel\\Lumen\\Http\\Request), Object(Closure))
#18 [internal function]: Illuminate\\Pipeline\\Pipeline->Illuminate\\Pipeline\\{closure}(Object(Laravel\\Lumen\\Http\\Request))
#19 C:\\Users\\muril\\Documents\\Tecnicatura Diseño Web\\frameworks\\CreatorsHouse-Api\\vendor\\laravel\\lumen-framework\\src\\Routing\\Pipeline.php(30): call_user_func(Object(Closure), Object(Laravel\\Lumen\\Http\\Request))
#20 C:\\Users\\muril\\Documents\\Tecnicatura Diseño Web\\frameworks\\CreatorsHouse-Api\\vendor\\illuminate\\pipeline\\Pipeline.php(103): Laravel\\Lumen\\Routing\\Pipeline->Laravel\\Lumen\\Routing\\{closure}(Object(Laravel\\Lumen\\Http\\Request))
#21 C:\\Users\\muril\\Documents\\Tecnicatura Diseño Web\\frameworks\\CreatorsHouse-Api\\vendor\\laravel\\lumen-framework\\src\\Concerns\\RoutesRequests.php(423): Illuminate\\Pipeline\\Pipeline->then(Object(Closure))
#22 C:\\Users\\muril\\Documents\\Tecnicatura Diseño Web\\frameworks\\CreatorsHouse-Api\\vendor\\laravel\\lumen-framework\\src\\Concerns\\RoutesRequests.php(172): Laravel\\Lumen\\Application->sendThroughPipeline(Array, Object(Closure))
#23 C:\\Users\\muril\\Documents\\Tecnicatura Diseño Web\\frameworks\\CreatorsHouse-Api\\vendor\\laravel\\lumen-framework\\src\\Concerns\\RoutesRequests.php(109): Laravel\\Lumen\\Application->dispatch(NULL)
#24 C:\\Users\\muril\\Documents\\Tecnicatura Diseño Web\\frameworks\\CreatorsHouse-Api\\public\\index.php(28): Laravel\\Lumen\\Application->run()
#25 {main}
"} 
[2020-10-25 23:59:46] local.ERROR: Call to undefined method Symfony\Component\HttpFoundation\Response::header() {"exception":"[object] (Error(code: 0): Call to undefined method Symfony\\Component\\HttpFoundation\\Response::header() at C:\\Users\\muril\\Documents\\Tecnicatura Diseño Web\\frameworks\\CreatorsHouse-Api\\app\\Http\\Middleware\\Cors.php:33)
[stacktrace]
#0 C:\\Users\\muril\\Documents\\Tecnicatura Diseño Web\\frameworks\\CreatorsHouse-Api\\vendor\\illuminate\\pipeline\\Pipeline.php(167): App\\Http\\Middleware\\Cors->handle(Object(Laravel\\Lumen\\Http\\Request), Object(Closure))
#1 [internal function]: Illuminate\\Pipeline\\Pipeline->Illuminate\\Pipeline\\{closure}(Object(Laravel\\Lumen\\Http\\Request))
#2 C:\\Users\\muril\\Documents\\Tecnicatura Diseño Web\\frameworks\\CreatorsHouse-Api\\vendor\\laravel\\lumen-framework\\src\\Routing\\Pipeline.php(30): call_user_func(Object(Closure), Object(Laravel\\Lumen\\Http\\Request))
#3 C:\\Users\\muril\\Documents\\Tecnicatura Diseño Web\\frameworks\\CreatorsHouse-Api\\vendor\\illuminate\\pipeline\\Pipeline.php(103): Laravel\\Lumen\\Routing\\Pipeline->Laravel\\Lumen\\Routing\\{closure}(Object(Laravel\\Lumen\\Http\\Request))
#4 C:\\Users\\muril\\Documents\\Tecnicatura Diseño Web\\frameworks\\CreatorsHouse-Api\\vendor\\laravel\\lumen-framework\\src\\Concerns\\RoutesRequests.php(423): Illuminate\\Pipeline\\Pipeline->then(Object(Closure))
#5 C:\\Users\\muril\\Documents\\Tecnicatura Diseño Web\\frameworks\\CreatorsHouse-Api\\vendor\\laravel\\lumen-framework\\src\\Concerns\\RoutesRequests.php(172): Laravel\\Lumen\\Application->sendThroughPipeline(Array, Object(Closure))
#6 C:\\Users\\muril\\Documents\\Tecnicatura Diseño Web\\frameworks\\CreatorsHouse-Api\\vendor\\laravel\\lumen-framework\\src\\Concerns\\RoutesRequests.php(109): Laravel\\Lumen\\Application->dispatch(NULL)
#7 C:\\Users\\muril\\Documents\\Tecnicatura Diseño Web\\frameworks\\CreatorsHouse-Api\\public\\index.php(28): Laravel\\Lumen\\Application->run()
#8 {main}
"} 
