[2020-11-05 13:55:26] local.ERROR: Method Illuminate\Database\Eloquent\Collection::with does not exist. {"exception":"[object] (BadMethodCallException(code: 0): Method Illuminate\\Database\\Eloquent\\Collection::with does not exist. at C:\\Users\\muril\\Documents\\Tecnicatura Diseño Web\\frameworks\\CreatorsHouse-Api\\vendor\\illuminate\\macroable\\Traits\\Macroable.php:77)
[stacktrace]
#0 C:\\Users\\muril\\Documents\\Tecnicatura Diseño Web\\frameworks\\CreatorsHouse-Api\\app\\Http\\Controllers\\CreatorController.php(64): Illuminate\\Support\\Collection::__callStatic('with', Array)
#1 C:\\Users\\muril\\Documents\\Tecnicatura Diseño Web\\frameworks\\CreatorsHouse-Api\\vendor\\illuminate\\container\\BoundMethod.php(36): App\\Http\\Controllers\\CreatorController->showPostsCreator('1')
#2 C:\\Users\\muril\\Documents\\Tecnicatura Diseño Web\\frameworks\\CreatorsHouse-Api\\vendor\\illuminate\\container\\Util.php(40): Illuminate\\Container\\BoundMethod::Illuminate\\Container\\{closure}()
#3 C:\\Users\\muril\\Documents\\Tecnicatura Diseño Web\\frameworks\\CreatorsHouse-Api\\vendor\\illuminate\\container\\BoundMethod.php(93): Illuminate\\Container\\Util::unwrapIfClosure(Object(Closure))
#4 C:\\Users\\muril\\Documents\\Tecnicatura Diseño Web\\frameworks\\CreatorsHouse-Api\\vendor\\illuminate\\container\\BoundMethod.php(37): Illuminate\\Container\\BoundMethod::callBoundMethod(Object(Laravel\\Lumen\\Application), Array, Object(Closure))
#5 C:\\Users\\muril\\Documents\\Tecnicatura Diseño Web\\frameworks\\CreatorsHouse-Api\\vendor\\illuminate\\container\\Container.php(596): Illuminate\\Container\\BoundMethod::call(Object(Laravel\\Lumen\\Application), Array, Array, NULL)
#6 C:\\Users\\muril\\Documents\\Tecnicatura Diseño Web\\frameworks\\CreatorsHouse-Api\\vendor\\laravel\\lumen-framework\\src\\Concerns\\RoutesRequests.php(386): Illuminate\\Container\\Container->call(Array, Array)
#7 C:\\Users\\muril\\Documents\\Tecnicatura Diseño Web\\frameworks\\CreatorsHouse-Api\\vendor\\laravel\\lumen-framework\\src\\Concerns\\RoutesRequests.php(352): Laravel\\Lumen\\Application->callControllerCallable(Array, Array)
#8 C:\\Users\\muril\\Documents\\Tecnicatura Diseño Web\\frameworks\\CreatorsHouse-Api\\vendor\\laravel\\lumen-framework\\src\\Concerns\\RoutesRequests.php(326): Laravel\\Lumen\\Application->callLumenController(Object(App\\Http\\Controllers\\CreatorController), 'showPostsCreato...', Array)
#9 C:\\Users\\muril\\Documents\\Tecnicatura Diseño Web\\frameworks\\CreatorsHouse-Api\\vendor\\laravel\\lumen-framework\\src\\Concerns\\RoutesRequests.php(279): Laravel\\Lumen\\Application->callControllerAction(Array)
#10 C:\\Users\\muril\\Documents\\Tecnicatura Diseño Web\\frameworks\\CreatorsHouse-Api\\vendor\\laravel\\lumen-framework\\src\\Concerns\\RoutesRequests.php(264): Laravel\\Lumen\\Application->callActionOnArrayBasedRoute(Array)
#11 C:\\Users\\muril\\Documents\\Tecnicatura Diseño Web\\frameworks\\CreatorsHouse-Api\\vendor\\laravel\\lumen-framework\\src\\Concerns\\RoutesRequests.php(234): Laravel\\Lumen\\Application->handleFoundRoute(Array)
#12 C:\\Users\\muril\\Documents\\Tecnicatura Diseño Web\\frameworks\\CreatorsHouse-Api\\vendor\\laravel\\lumen-framework\\src\\Concerns\\RoutesRequests.php(170): Laravel\\Lumen\\Application->handleDispatcherResponse(Array)
#13 [internal function]: Laravel\\Lumen\\Application->Laravel\\Lumen\\Concerns\\{closure}(Object(Laravel\\Lumen\\Http\\Request))
#14 C:\\Users\\muril\\Documents\\Tecnicatura Diseño Web\\frameworks\\CreatorsHouse-Api\\vendor\\laravel\\lumen-framework\\src\\Routing\\Pipeline.php(48): call_user_func(Object(Closure), Object(Laravel\\Lumen\\Http\\Request))
#15 C:\\Users\\muril\\Documents\\Tecnicatura Diseño Web\\frameworks\\CreatorsHouse-Api\\vendor\\fruitcake\\laravel-cors\\src\\HandleCors.php(57): Laravel\\Lumen\\Routing\\Pipeline->Laravel\\Lumen\\Routing\\{closure}(Object(Laravel\\Lumen\\Http\\Request))
#16 C:\\Users\\muril\\Documents\\Tecnicatura Diseño Web\\frameworks\\CreatorsHouse-Api\\vendor\\illuminate\\pipeline\\Pipeline.php(167): Fruitcake\\Cors\\HandleCors->handle(Object(Laravel\\Lumen\\Http\\Request), Object(Closure))
#17 [internal function]: Illuminate\\Pipeline\\Pipeline->Illuminate\\Pipeline\\{closure}(Object(Laravel\\Lumen\\Http\\Request))
#18 C:\\Users\\muril\\Documents\\Tecnicatura Diseño Web\\frameworks\\CreatorsHouse-Api\\vendor\\laravel\\lumen-framework\\src\\Routing\\Pipeline.php(30): call_user_func(Object(Closure), Object(Laravel\\Lumen\\Http\\Request))
#19 C:\\Users\\muril\\Documents\\Tecnicatura Diseño Web\\frameworks\\CreatorsHouse-Api\\vendor\\illuminate\\pipeline\\Pipeline.php(103): Laravel\\Lumen\\Routing\\Pipeline->Laravel\\Lumen\\Routing\\{closure}(Object(Laravel\\Lumen\\Http\\Request))
#20 C:\\Users\\muril\\Documents\\Tecnicatura Diseño Web\\frameworks\\CreatorsHouse-Api\\vendor\\laravel\\lumen-framework\\src\\Concerns\\RoutesRequests.php(423): Illuminate\\Pipeline\\Pipeline->then(Object(Closure))
#21 C:\\Users\\muril\\Documents\\Tecnicatura Diseño Web\\frameworks\\CreatorsHouse-Api\\vendor\\laravel\\lumen-framework\\src\\Concerns\\RoutesRequests.php(172): Laravel\\Lumen\\Application->sendThroughPipeline(Array, Object(Closure))
#22 C:\\Users\\muril\\Documents\\Tecnicatura Diseño Web\\frameworks\\CreatorsHouse-Api\\vendor\\laravel\\lumen-framework\\src\\Concerns\\RoutesRequests.php(109): Laravel\\Lumen\\Application->dispatch(NULL)
#23 C:\\Users\\muril\\Documents\\Tecnicatura Diseño Web\\frameworks\\CreatorsHouse-Api\\public\\index.php(28): Laravel\\Lumen\\Application->run()
#24 {main}
"} 
[2020-11-05 13:59:01] local.ERROR: Property [images] does not exist on this collection instance. {"exception":"[object] (Exception(code: 0): Property [images] does not exist on this collection instance. at C:\\Users\\muril\\Documents\\Tecnicatura Diseño Web\\frameworks\\CreatorsHouse-Api\\vendor\\illuminate\\collections\\Traits\\EnumeratesValues.php:865)
[stacktrace]
#0 C:\\Users\\muril\\Documents\\Tecnicatura Diseño Web\\frameworks\\CreatorsHouse-Api\\app\\Http\\Controllers\\CreatorController.php(64): Illuminate\\Support\\Collection->__get('images')
#1 C:\\Users\\muril\\Documents\\Tecnicatura Diseño Web\\frameworks\\CreatorsHouse-Api\\vendor\\illuminate\\container\\BoundMethod.php(36): App\\Http\\Controllers\\CreatorController->showPostsCreator('1')
#2 C:\\Users\\muril\\Documents\\Tecnicatura Diseño Web\\frameworks\\CreatorsHouse-Api\\vendor\\illuminate\\container\\Util.php(40): Illuminate\\Container\\BoundMethod::Illuminate\\Container\\{closure}()
#3 C:\\Users\\muril\\Documents\\Tecnicatura Diseño Web\\frameworks\\CreatorsHouse-Api\\vendor\\illuminate\\container\\BoundMethod.php(93): Illuminate\\Container\\Util::unwrapIfClosure(Object(Closure))
#4 C:\\Users\\muril\\Documents\\Tecnicatura Diseño Web\\frameworks\\CreatorsHouse-Api\\vendor\\illuminate\\container\\BoundMethod.php(37): Illuminate\\Container\\BoundMethod::callBoundMethod(Object(Laravel\\Lumen\\Application), Array, Object(Closure))
#5 C:\\Users\\muril\\Documents\\Tecnicatura Diseño Web\\frameworks\\CreatorsHouse-Api\\vendor\\illuminate\\container\\Container.php(596): Illuminate\\Container\\BoundMethod::call(Object(Laravel\\Lumen\\Application), Array, Array, NULL)
#6 C:\\Users\\muril\\Documents\\Tecnicatura Diseño Web\\frameworks\\CreatorsHouse-Api\\vendor\\laravel\\lumen-framework\\src\\Concerns\\RoutesRequests.php(386): Illuminate\\Container\\Container->call(Array, Array)
#7 C:\\Users\\muril\\Documents\\Tecnicatura Diseño Web\\frameworks\\CreatorsHouse-Api\\vendor\\laravel\\lumen-framework\\src\\Concerns\\RoutesRequests.php(352): Laravel\\Lumen\\Application->callControllerCallable(Array, Array)
#8 C:\\Users\\muril\\Documents\\Tecnicatura Diseño Web\\frameworks\\CreatorsHouse-Api\\vendor\\laravel\\lumen-framework\\src\\Concerns\\RoutesRequests.php(326): Laravel\\Lumen\\Application->callLumenController(Object(App\\Http\\Controllers\\CreatorController), 'showPostsCreato...', Array)
#9 C:\\Users\\muril\\Documents\\Tecnicatura Diseño Web\\frameworks\\CreatorsHouse-Api\\vendor\\laravel\\lumen-framework\\src\\Concerns\\RoutesRequests.php(279): Laravel\\Lumen\\Application->callControllerAction(Array)
#10 C:\\Users\\muril\\Documents\\Tecnicatura Diseño Web\\frameworks\\CreatorsHouse-Api\\vendor\\laravel\\lumen-framework\\src\\Concerns\\RoutesRequests.php(264): Laravel\\Lumen\\Application->callActionOnArrayBasedRoute(Array)
#11 C:\\Users\\muril\\Documents\\Tecnicatura Diseño Web\\frameworks\\CreatorsHouse-Api\\vendor\\laravel\\lumen-framework\\src\\Concerns\\RoutesRequests.php(234): Laravel\\Lumen\\Application->handleFoundRoute(Array)
#12 C:\\Users\\muril\\Documents\\Tecnicatura Diseño Web\\frameworks\\CreatorsHouse-Api\\vendor\\laravel\\lumen-framework\\src\\Concerns\\RoutesRequests.php(170): Laravel\\Lumen\\Application->handleDispatcherResponse(Array)
#13 [internal function]: Laravel\\Lumen\\Application->Laravel\\Lumen\\Concerns\\{closure}(Object(Laravel\\Lumen\\Http\\Request))
#14 C:\\Users\\muril\\Documents\\Tecnicatura Diseño Web\\frameworks\\CreatorsHouse-Api\\vendor\\laravel\\lumen-framework\\src\\Routing\\Pipeline.php(48): call_user_func(Object(Closure), Object(Laravel\\Lumen\\Http\\Request))
#15 C:\\Users\\muril\\Documents\\Tecnicatura Diseño Web\\frameworks\\CreatorsHouse-Api\\vendor\\fruitcake\\laravel-cors\\src\\HandleCors.php(57): Laravel\\Lumen\\Routing\\Pipeline->Laravel\\Lumen\\Routing\\{closure}(Object(Laravel\\Lumen\\Http\\Request))
#16 C:\\Users\\muril\\Documents\\Tecnicatura Diseño Web\\frameworks\\CreatorsHouse-Api\\vendor\\illuminate\\pipeline\\Pipeline.php(167): Fruitcake\\Cors\\HandleCors->handle(Object(Laravel\\Lumen\\Http\\Request), Object(Closure))
#17 [internal function]: Illuminate\\Pipeline\\Pipeline->Illuminate\\Pipeline\\{closure}(Object(Laravel\\Lumen\\Http\\Request))
#18 C:\\Users\\muril\\Documents\\Tecnicatura Diseño Web\\frameworks\\CreatorsHouse-Api\\vendor\\laravel\\lumen-framework\\src\\Routing\\Pipeline.php(30): call_user_func(Object(Closure), Object(Laravel\\Lumen\\Http\\Request))
#19 C:\\Users\\muril\\Documents\\Tecnicatura Diseño Web\\frameworks\\CreatorsHouse-Api\\vendor\\illuminate\\pipeline\\Pipeline.php(103): Laravel\\Lumen\\Routing\\Pipeline->Laravel\\Lumen\\Routing\\{closure}(Object(Laravel\\Lumen\\Http\\Request))
#20 C:\\Users\\muril\\Documents\\Tecnicatura Diseño Web\\frameworks\\CreatorsHouse-Api\\vendor\\laravel\\lumen-framework\\src\\Concerns\\RoutesRequests.php(423): Illuminate\\Pipeline\\Pipeline->then(Object(Closure))
#21 C:\\Users\\muril\\Documents\\Tecnicatura Diseño Web\\frameworks\\CreatorsHouse-Api\\vendor\\laravel\\lumen-framework\\src\\Concerns\\RoutesRequests.php(172): Laravel\\Lumen\\Application->sendThroughPipeline(Array, Object(Closure))
#22 C:\\Users\\muril\\Documents\\Tecnicatura Diseño Web\\frameworks\\CreatorsHouse-Api\\vendor\\laravel\\lumen-framework\\src\\Concerns\\RoutesRequests.php(109): Laravel\\Lumen\\Application->dispatch(NULL)
#23 C:\\Users\\muril\\Documents\\Tecnicatura Diseño Web\\frameworks\\CreatorsHouse-Api\\public\\index.php(28): Laravel\\Lumen\\Application->run()
#24 {main}
"} 
[2020-11-05 13:59:56] local.ERROR: Property [images] does not exist on this collection instance. {"exception":"[object] (Exception(code: 0): Property [images] does not exist on this collection instance. at C:\\Users\\muril\\Documents\\Tecnicatura Diseño Web\\frameworks\\CreatorsHouse-Api\\vendor\\illuminate\\collections\\Traits\\EnumeratesValues.php:865)
[stacktrace]
#0 C:\\Users\\muril\\Documents\\Tecnicatura Diseño Web\\frameworks\\CreatorsHouse-Api\\app\\Http\\Controllers\\CreatorController.php(65): Illuminate\\Support\\Collection->__get('images')
#1 C:\\Users\\muril\\Documents\\Tecnicatura Diseño Web\\frameworks\\CreatorsHouse-Api\\vendor\\illuminate\\container\\BoundMethod.php(36): App\\Http\\Controllers\\CreatorController->showPostsCreator('1')
#2 C:\\Users\\muril\\Documents\\Tecnicatura Diseño Web\\frameworks\\CreatorsHouse-Api\\vendor\\illuminate\\container\\Util.php(40): Illuminate\\Container\\BoundMethod::Illuminate\\Container\\{closure}()
#3 C:\\Users\\muril\\Documents\\Tecnicatura Diseño Web\\frameworks\\CreatorsHouse-Api\\vendor\\illuminate\\container\\BoundMethod.php(93): Illuminate\\Container\\Util::unwrapIfClosure(Object(Closure))
#4 C:\\Users\\muril\\Documents\\Tecnicatura Diseño Web\\frameworks\\CreatorsHouse-Api\\vendor\\illuminate\\container\\BoundMethod.php(37): Illuminate\\Container\\BoundMethod::callBoundMethod(Object(Laravel\\Lumen\\Application), Array, Object(Closure))
#5 C:\\Users\\muril\\Documents\\Tecnicatura Diseño Web\\frameworks\\CreatorsHouse-Api\\vendor\\illuminate\\container\\Container.php(596): Illuminate\\Container\\BoundMethod::call(Object(Laravel\\Lumen\\Application), Array, Array, NULL)
#6 C:\\Users\\muril\\Documents\\Tecnicatura Diseño Web\\frameworks\\CreatorsHouse-Api\\vendor\\laravel\\lumen-framework\\src\\Concerns\\RoutesRequests.php(386): Illuminate\\Container\\Container->call(Array, Array)
#7 C:\\Users\\muril\\Documents\\Tecnicatura Diseño Web\\frameworks\\CreatorsHouse-Api\\vendor\\laravel\\lumen-framework\\src\\Concerns\\RoutesRequests.php(352): Laravel\\Lumen\\Application->callControllerCallable(Array, Array)
#8 C:\\Users\\muril\\Documents\\Tecnicatura Diseño Web\\frameworks\\CreatorsHouse-Api\\vendor\\laravel\\lumen-framework\\src\\Concerns\\RoutesRequests.php(326): Laravel\\Lumen\\Application->callLumenController(Object(App\\Http\\Controllers\\CreatorController), 'showPostsCreato...', Array)
#9 C:\\Users\\muril\\Documents\\Tecnicatura Diseño Web\\frameworks\\CreatorsHouse-Api\\vendor\\laravel\\lumen-framework\\src\\Concerns\\RoutesRequests.php(279): Laravel\\Lumen\\Application->callControllerAction(Array)
#10 C:\\Users\\muril\\Documents\\Tecnicatura Diseño Web\\frameworks\\CreatorsHouse-Api\\vendor\\laravel\\lumen-framework\\src\\Concerns\\RoutesRequests.php(264): Laravel\\Lumen\\Application->callActionOnArrayBasedRoute(Array)
#11 C:\\Users\\muril\\Documents\\Tecnicatura Diseño Web\\frameworks\\CreatorsHouse-Api\\vendor\\laravel\\lumen-framework\\src\\Concerns\\RoutesRequests.php(234): Laravel\\Lumen\\Application->handleFoundRoute(Array)
#12 C:\\Users\\muril\\Documents\\Tecnicatura Diseño Web\\frameworks\\CreatorsHouse-Api\\vendor\\laravel\\lumen-framework\\src\\Concerns\\RoutesRequests.php(170): Laravel\\Lumen\\Application->handleDispatcherResponse(Array)
#13 [internal function]: Laravel\\Lumen\\Application->Laravel\\Lumen\\Concerns\\{closure}(Object(Laravel\\Lumen\\Http\\Request))
#14 C:\\Users\\muril\\Documents\\Tecnicatura Diseño Web\\frameworks\\CreatorsHouse-Api\\vendor\\laravel\\lumen-framework\\src\\Routing\\Pipeline.php(48): call_user_func(Object(Closure), Object(Laravel\\Lumen\\Http\\Request))
#15 C:\\Users\\muril\\Documents\\Tecnicatura Diseño Web\\frameworks\\CreatorsHouse-Api\\vendor\\fruitcake\\laravel-cors\\src\\HandleCors.php(57): Laravel\\Lumen\\Routing\\Pipeline->Laravel\\Lumen\\Routing\\{closure}(Object(Laravel\\Lumen\\Http\\Request))
#16 C:\\Users\\muril\\Documents\\Tecnicatura Diseño Web\\frameworks\\CreatorsHouse-Api\\vendor\\illuminate\\pipeline\\Pipeline.php(167): Fruitcake\\Cors\\HandleCors->handle(Object(Laravel\\Lumen\\Http\\Request), Object(Closure))
#17 [internal function]: Illuminate\\Pipeline\\Pipeline->Illuminate\\Pipeline\\{closure}(Object(Laravel\\Lumen\\Http\\Request))
#18 C:\\Users\\muril\\Documents\\Tecnicatura Diseño Web\\frameworks\\CreatorsHouse-Api\\vendor\\laravel\\lumen-framework\\src\\Routing\\Pipeline.php(30): call_user_func(Object(Closure), Object(Laravel\\Lumen\\Http\\Request))
#19 C:\\Users\\muril\\Documents\\Tecnicatura Diseño Web\\frameworks\\CreatorsHouse-Api\\vendor\\illuminate\\pipeline\\Pipeline.php(103): Laravel\\Lumen\\Routing\\Pipeline->Laravel\\Lumen\\Routing\\{closure}(Object(Laravel\\Lumen\\Http\\Request))
#20 C:\\Users\\muril\\Documents\\Tecnicatura Diseño Web\\frameworks\\CreatorsHouse-Api\\vendor\\laravel\\lumen-framework\\src\\Concerns\\RoutesRequests.php(423): Illuminate\\Pipeline\\Pipeline->then(Object(Closure))
#21 C:\\Users\\muril\\Documents\\Tecnicatura Diseño Web\\frameworks\\CreatorsHouse-Api\\vendor\\laravel\\lumen-framework\\src\\Concerns\\RoutesRequests.php(172): Laravel\\Lumen\\Application->sendThroughPipeline(Array, Object(Closure))
#22 C:\\Users\\muril\\Documents\\Tecnicatura Diseño Web\\frameworks\\CreatorsHouse-Api\\vendor\\laravel\\lumen-framework\\src\\Concerns\\RoutesRequests.php(109): Laravel\\Lumen\\Application->dispatch(NULL)
#23 C:\\Users\\muril\\Documents\\Tecnicatura Diseño Web\\frameworks\\CreatorsHouse-Api\\public\\index.php(28): Laravel\\Lumen\\Application->run()
#24 {main}
"} 
[2020-11-05 14:43:58] local.ERROR: Undefined variable: creator_id {"exception":"[object] (ErrorException(code: 0): Undefined variable: creator_id at C:\\Users\\muril\\Documents\\Tecnicatura Diseño Web\\frameworks\\CreatorsHouse-Api\\app\\Http\\Controllers\\CreatorController.php:80)
[stacktrace]
#0 C:\\Users\\muril\\Documents\\Tecnicatura Diseño Web\\frameworks\\CreatorsHouse-Api\\app\\Http\\Controllers\\CreatorController.php(80): Laravel\\Lumen\\Application->Laravel\\Lumen\\Concerns\\{closure}(8, 'Undefined varia...', 'C:\\\\Users\\\\muril\\\\...', 80, Array)
#1 C:\\Users\\muril\\Documents\\Tecnicatura Diseño Web\\frameworks\\CreatorsHouse-Api\\vendor\\illuminate\\database\\Eloquent\\Builder.php(590): App\\Http\\Controllers\\CreatorController->App\\Http\\Controllers\\{closure}(Object(Illuminate\\Database\\Eloquent\\Relations\\HasMany))
#2 C:\\Users\\muril\\Documents\\Tecnicatura Diseño Web\\frameworks\\CreatorsHouse-Api\\vendor\\illuminate\\database\\Eloquent\\Builder.php(566): Illuminate\\Database\\Eloquent\\Builder->eagerLoadRelation(Array, 'posts', Object(Closure))
#3 C:\\Users\\muril\\Documents\\Tecnicatura Diseño Web\\frameworks\\CreatorsHouse-Api\\vendor\\illuminate\\database\\Eloquent\\Builder.php(534): Illuminate\\Database\\Eloquent\\Builder->eagerLoadRelations(Array)
#4 C:\\Users\\muril\\Documents\\Tecnicatura Diseño Web\\frameworks\\CreatorsHouse-Api\\app\\Http\\Controllers\\CreatorController.php(81): Illuminate\\Database\\Eloquent\\Builder->get()
#5 C:\\Users\\muril\\Documents\\Tecnicatura Diseño Web\\frameworks\\CreatorsHouse-Api\\vendor\\illuminate\\container\\BoundMethod.php(36): App\\Http\\Controllers\\CreatorController->showPostsCreator('1')
#6 C:\\Users\\muril\\Documents\\Tecnicatura Diseño Web\\frameworks\\CreatorsHouse-Api\\vendor\\illuminate\\container\\Util.php(40): Illuminate\\Container\\BoundMethod::Illuminate\\Container\\{closure}()
#7 C:\\Users\\muril\\Documents\\Tecnicatura Diseño Web\\frameworks\\CreatorsHouse-Api\\vendor\\illuminate\\container\\BoundMethod.php(93): Illuminate\\Container\\Util::unwrapIfClosure(Object(Closure))
#8 C:\\Users\\muril\\Documents\\Tecnicatura Diseño Web\\frameworks\\CreatorsHouse-Api\\vendor\\illuminate\\container\\BoundMethod.php(37): Illuminate\\Container\\BoundMethod::callBoundMethod(Object(Laravel\\Lumen\\Application), Array, Object(Closure))
#9 C:\\Users\\muril\\Documents\\Tecnicatura Diseño Web\\frameworks\\CreatorsHouse-Api\\vendor\\illuminate\\container\\Container.php(596): Illuminate\\Container\\BoundMethod::call(Object(Laravel\\Lumen\\Application), Array, Array, NULL)
#10 C:\\Users\\muril\\Documents\\Tecnicatura Diseño Web\\frameworks\\CreatorsHouse-Api\\vendor\\laravel\\lumen-framework\\src\\Concerns\\RoutesRequests.php(386): Illuminate\\Container\\Container->call(Array, Array)
#11 C:\\Users\\muril\\Documents\\Tecnicatura Diseño Web\\frameworks\\CreatorsHouse-Api\\vendor\\laravel\\lumen-framework\\src\\Concerns\\RoutesRequests.php(352): Laravel\\Lumen\\Application->callControllerCallable(Array, Array)
#12 C:\\Users\\muril\\Documents\\Tecnicatura Diseño Web\\frameworks\\CreatorsHouse-Api\\vendor\\laravel\\lumen-framework\\src\\Concerns\\RoutesRequests.php(326): Laravel\\Lumen\\Application->callLumenController(Object(App\\Http\\Controllers\\CreatorController), 'showPostsCreato...', Array)
#13 C:\\Users\\muril\\Documents\\Tecnicatura Diseño Web\\frameworks\\CreatorsHouse-Api\\vendor\\laravel\\lumen-framework\\src\\Concerns\\RoutesRequests.php(279): Laravel\\Lumen\\Application->callControllerAction(Array)
#14 C:\\Users\\muril\\Documents\\Tecnicatura Diseño Web\\frameworks\\CreatorsHouse-Api\\vendor\\laravel\\lumen-framework\\src\\Concerns\\RoutesRequests.php(264): Laravel\\Lumen\\Application->callActionOnArrayBasedRoute(Array)
#15 C:\\Users\\muril\\Documents\\Tecnicatura Diseño Web\\frameworks\\CreatorsHouse-Api\\vendor\\laravel\\lumen-framework\\src\\Concerns\\RoutesRequests.php(234): Laravel\\Lumen\\Application->handleFoundRoute(Array)
#16 C:\\Users\\muril\\Documents\\Tecnicatura Diseño Web\\frameworks\\CreatorsHouse-Api\\vendor\\laravel\\lumen-framework\\src\\Concerns\\RoutesRequests.php(170): Laravel\\Lumen\\Application->handleDispatcherResponse(Array)
#17 [internal function]: Laravel\\Lumen\\Application->Laravel\\Lumen\\Concerns\\{closure}(Object(Laravel\\Lumen\\Http\\Request))
#18 C:\\Users\\muril\\Documents\\Tecnicatura Diseño Web\\frameworks\\CreatorsHouse-Api\\vendor\\laravel\\lumen-framework\\src\\Routing\\Pipeline.php(48): call_user_func(Object(Closure), Object(Laravel\\Lumen\\Http\\Request))
#19 C:\\Users\\muril\\Documents\\Tecnicatura Diseño Web\\frameworks\\CreatorsHouse-Api\\vendor\\fruitcake\\laravel-cors\\src\\HandleCors.php(57): Laravel\\Lumen\\Routing\\Pipeline->Laravel\\Lumen\\Routing\\{closure}(Object(Laravel\\Lumen\\Http\\Request))
#20 C:\\Users\\muril\\Documents\\Tecnicatura Diseño Web\\frameworks\\CreatorsHouse-Api\\vendor\\illuminate\\pipeline\\Pipeline.php(167): Fruitcake\\Cors\\HandleCors->handle(Object(Laravel\\Lumen\\Http\\Request), Object(Closure))
#21 [internal function]: Illuminate\\Pipeline\\Pipeline->Illuminate\\Pipeline\\{closure}(Object(Laravel\\Lumen\\Http\\Request))
#22 C:\\Users\\muril\\Documents\\Tecnicatura Diseño Web\\frameworks\\CreatorsHouse-Api\\vendor\\laravel\\lumen-framework\\src\\Routing\\Pipeline.php(30): call_user_func(Object(Closure), Object(Laravel\\Lumen\\Http\\Request))
#23 C:\\Users\\muril\\Documents\\Tecnicatura Diseño Web\\frameworks\\CreatorsHouse-Api\\vendor\\illuminate\\pipeline\\Pipeline.php(103): Laravel\\Lumen\\Routing\\Pipeline->Laravel\\Lumen\\Routing\\{closure}(Object(Laravel\\Lumen\\Http\\Request))
#24 C:\\Users\\muril\\Documents\\Tecnicatura Diseño Web\\frameworks\\CreatorsHouse-Api\\vendor\\laravel\\lumen-framework\\src\\Concerns\\RoutesRequests.php(423): Illuminate\\Pipeline\\Pipeline->then(Object(Closure))
#25 C:\\Users\\muril\\Documents\\Tecnicatura Diseño Web\\frameworks\\CreatorsHouse-Api\\vendor\\laravel\\lumen-framework\\src\\Concerns\\RoutesRequests.php(172): Laravel\\Lumen\\Application->sendThroughPipeline(Array, Object(Closure))
#26 C:\\Users\\muril\\Documents\\Tecnicatura Diseño Web\\frameworks\\CreatorsHouse-Api\\vendor\\laravel\\lumen-framework\\src\\Concerns\\RoutesRequests.php(109): Laravel\\Lumen\\Application->dispatch(NULL)
#27 C:\\Users\\muril\\Documents\\Tecnicatura Diseño Web\\frameworks\\CreatorsHouse-Api\\public\\index.php(28): Laravel\\Lumen\\Application->run()
#28 {main}
"} 
[2020-11-05 14:46:36] local.ERROR: count(): Parameter must be an array or an object that implements Countable {"exception":"[object] (ErrorException(code: 0): count(): Parameter must be an array or an object that implements Countable at C:\\Users\\muril\\Documents\\Tecnicatura Diseño Web\\frameworks\\CreatorsHouse-Api\\app\\Http\\Controllers\\CreatorController.php:81)
[stacktrace]
#0 [internal function]: Laravel\\Lumen\\Application->Laravel\\Lumen\\Concerns\\{closure}(2, 'count(): Parame...', 'C:\\\\Users\\\\muril\\\\...', 81, Array)
#1 C:\\Users\\muril\\Documents\\Tecnicatura Diseño Web\\frameworks\\CreatorsHouse-Api\\app\\Http\\Controllers\\CreatorController.php(81): count('posts.likes')
#2 C:\\Users\\muril\\Documents\\Tecnicatura Diseño Web\\frameworks\\CreatorsHouse-Api\\vendor\\illuminate\\container\\BoundMethod.php(36): App\\Http\\Controllers\\CreatorController->showPostsCreator('1')
#3 C:\\Users\\muril\\Documents\\Tecnicatura Diseño Web\\frameworks\\CreatorsHouse-Api\\vendor\\illuminate\\container\\Util.php(40): Illuminate\\Container\\BoundMethod::Illuminate\\Container\\{closure}()
#4 C:\\Users\\muril\\Documents\\Tecnicatura Diseño Web\\frameworks\\CreatorsHouse-Api\\vendor\\illuminate\\container\\BoundMethod.php(93): Illuminate\\Container\\Util::unwrapIfClosure(Object(Closure))
#5 C:\\Users\\muril\\Documents\\Tecnicatura Diseño Web\\frameworks\\CreatorsHouse-Api\\vendor\\illuminate\\container\\BoundMethod.php(37): Illuminate\\Container\\BoundMethod::callBoundMethod(Object(Laravel\\Lumen\\Application), Array, Object(Closure))
#6 C:\\Users\\muril\\Documents\\Tecnicatura Diseño Web\\frameworks\\CreatorsHouse-Api\\vendor\\illuminate\\container\\Container.php(596): Illuminate\\Container\\BoundMethod::call(Object(Laravel\\Lumen\\Application), Array, Array, NULL)
#7 C:\\Users\\muril\\Documents\\Tecnicatura Diseño Web\\frameworks\\CreatorsHouse-Api\\vendor\\laravel\\lumen-framework\\src\\Concerns\\RoutesRequests.php(386): Illuminate\\Container\\Container->call(Array, Array)
#8 C:\\Users\\muril\\Documents\\Tecnicatura Diseño Web\\frameworks\\CreatorsHouse-Api\\vendor\\laravel\\lumen-framework\\src\\Concerns\\RoutesRequests.php(352): Laravel\\Lumen\\Application->callControllerCallable(Array, Array)
#9 C:\\Users\\muril\\Documents\\Tecnicatura Diseño Web\\frameworks\\CreatorsHouse-Api\\vendor\\laravel\\lumen-framework\\src\\Concerns\\RoutesRequests.php(326): Laravel\\Lumen\\Application->callLumenController(Object(App\\Http\\Controllers\\CreatorController), 'showPostsCreato...', Array)
#10 C:\\Users\\muril\\Documents\\Tecnicatura Diseño Web\\frameworks\\CreatorsHouse-Api\\vendor\\laravel\\lumen-framework\\src\\Concerns\\RoutesRequests.php(279): Laravel\\Lumen\\Application->callControllerAction(Array)
#11 C:\\Users\\muril\\Documents\\Tecnicatura Diseño Web\\frameworks\\CreatorsHouse-Api\\vendor\\laravel\\lumen-framework\\src\\Concerns\\RoutesRequests.php(264): Laravel\\Lumen\\Application->callActionOnArrayBasedRoute(Array)
#12 C:\\Users\\muril\\Documents\\Tecnicatura Diseño Web\\frameworks\\CreatorsHouse-Api\\vendor\\laravel\\lumen-framework\\src\\Concerns\\RoutesRequests.php(234): Laravel\\Lumen\\Application->handleFoundRoute(Array)
#13 C:\\Users\\muril\\Documents\\Tecnicatura Diseño Web\\frameworks\\CreatorsHouse-Api\\vendor\\laravel\\lumen-framework\\src\\Concerns\\RoutesRequests.php(170): Laravel\\Lumen\\Application->handleDispatcherResponse(Array)
#14 [internal function]: Laravel\\Lumen\\Application->Laravel\\Lumen\\Concerns\\{closure}(Object(Laravel\\Lumen\\Http\\Request))
#15 C:\\Users\\muril\\Documents\\Tecnicatura Diseño Web\\frameworks\\CreatorsHouse-Api\\vendor\\laravel\\lumen-framework\\src\\Routing\\Pipeline.php(48): call_user_func(Object(Closure), Object(Laravel\\Lumen\\Http\\Request))
#16 C:\\Users\\muril\\Documents\\Tecnicatura Diseño Web\\frameworks\\CreatorsHouse-Api\\vendor\\fruitcake\\laravel-cors\\src\\HandleCors.php(57): Laravel\\Lumen\\Routing\\Pipeline->Laravel\\Lumen\\Routing\\{closure}(Object(Laravel\\Lumen\\Http\\Request))
#17 C:\\Users\\muril\\Documents\\Tecnicatura Diseño Web\\frameworks\\CreatorsHouse-Api\\vendor\\illuminate\\pipeline\\Pipeline.php(167): Fruitcake\\Cors\\HandleCors->handle(Object(Laravel\\Lumen\\Http\\Request), Object(Closure))
#18 [internal function]: Illuminate\\Pipeline\\Pipeline->Illuminate\\Pipeline\\{closure}(Object(Laravel\\Lumen\\Http\\Request))
#19 C:\\Users\\muril\\Documents\\Tecnicatura Diseño Web\\frameworks\\CreatorsHouse-Api\\vendor\\laravel\\lumen-framework\\src\\Routing\\Pipeline.php(30): call_user_func(Object(Closure), Object(Laravel\\Lumen\\Http\\Request))
#20 C:\\Users\\muril\\Documents\\Tecnicatura Diseño Web\\frameworks\\CreatorsHouse-Api\\vendor\\illuminate\\pipeline\\Pipeline.php(103): Laravel\\Lumen\\Routing\\Pipeline->Laravel\\Lumen\\Routing\\{closure}(Object(Laravel\\Lumen\\Http\\Request))
#21 C:\\Users\\muril\\Documents\\Tecnicatura Diseño Web\\frameworks\\CreatorsHouse-Api\\vendor\\laravel\\lumen-framework\\src\\Concerns\\RoutesRequests.php(423): Illuminate\\Pipeline\\Pipeline->then(Object(Closure))
#22 C:\\Users\\muril\\Documents\\Tecnicatura Diseño Web\\frameworks\\CreatorsHouse-Api\\vendor\\laravel\\lumen-framework\\src\\Concerns\\RoutesRequests.php(172): Laravel\\Lumen\\Application->sendThroughPipeline(Array, Object(Closure))
#23 C:\\Users\\muril\\Documents\\Tecnicatura Diseño Web\\frameworks\\CreatorsHouse-Api\\vendor\\laravel\\lumen-framework\\src\\Concerns\\RoutesRequests.php(109): Laravel\\Lumen\\Application->dispatch(NULL)
#24 C:\\Users\\muril\\Documents\\Tecnicatura Diseño Web\\frameworks\\CreatorsHouse-Api\\public\\index.php(28): Laravel\\Lumen\\Application->run()
#25 {main}
"} 
[2020-11-05 15:48:46] local.ERROR: Class 'App\Http\Controllers\Post' not found {"exception":"[object] (Error(code: 0): Class 'App\\Http\\Controllers\\Post' not found at C:\\Users\\muril\\Documents\\Tecnicatura Diseño Web\\frameworks\\CreatorsHouse-Api\\app\\Http\\Controllers\\CreatorController.php:79)
[stacktrace]
#0 C:\\Users\\muril\\Documents\\Tecnicatura Diseño Web\\frameworks\\CreatorsHouse-Api\\vendor\\illuminate\\container\\BoundMethod.php(36): App\\Http\\Controllers\\CreatorController->showPostsCreator('1')
#1 C:\\Users\\muril\\Documents\\Tecnicatura Diseño Web\\frameworks\\CreatorsHouse-Api\\vendor\\illuminate\\container\\Util.php(40): Illuminate\\Container\\BoundMethod::Illuminate\\Container\\{closure}()
#2 C:\\Users\\muril\\Documents\\Tecnicatura Diseño Web\\frameworks\\CreatorsHouse-Api\\vendor\\illuminate\\container\\BoundMethod.php(93): Illuminate\\Container\\Util::unwrapIfClosure(Object(Closure))
#3 C:\\Users\\muril\\Documents\\Tecnicatura Diseño Web\\frameworks\\CreatorsHouse-Api\\vendor\\illuminate\\container\\BoundMethod.php(37): Illuminate\\Container\\BoundMethod::callBoundMethod(Object(Laravel\\Lumen\\Application), Array, Object(Closure))
#4 C:\\Users\\muril\\Documents\\Tecnicatura Diseño Web\\frameworks\\CreatorsHouse-Api\\vendor\\illuminate\\container\\Container.php(596): Illuminate\\Container\\BoundMethod::call(Object(Laravel\\Lumen\\Application), Array, Array, NULL)
#5 C:\\Users\\muril\\Documents\\Tecnicatura Diseño Web\\frameworks\\CreatorsHouse-Api\\vendor\\laravel\\lumen-framework\\src\\Concerns\\RoutesRequests.php(386): Illuminate\\Container\\Container->call(Array, Array)
#6 C:\\Users\\muril\\Documents\\Tecnicatura Diseño Web\\frameworks\\CreatorsHouse-Api\\vendor\\laravel\\lumen-framework\\src\\Concerns\\RoutesRequests.php(352): Laravel\\Lumen\\Application->callControllerCallable(Array, Array)
#7 C:\\Users\\muril\\Documents\\Tecnicatura Diseño Web\\frameworks\\CreatorsHouse-Api\\vendor\\laravel\\lumen-framework\\src\\Concerns\\RoutesRequests.php(326): Laravel\\Lumen\\Application->callLumenController(Object(App\\Http\\Controllers\\CreatorController), 'showPostsCreato...', Array)
#8 C:\\Users\\muril\\Documents\\Tecnicatura Diseño Web\\frameworks\\CreatorsHouse-Api\\vendor\\laravel\\lumen-framework\\src\\Concerns\\RoutesRequests.php(279): Laravel\\Lumen\\Application->callControllerAction(Array)
#9 C:\\Users\\muril\\Documents\\Tecnicatura Diseño Web\\frameworks\\CreatorsHouse-Api\\vendor\\laravel\\lumen-framework\\src\\Concerns\\RoutesRequests.php(264): Laravel\\Lumen\\Application->callActionOnArrayBasedRoute(Array)
#10 C:\\Users\\muril\\Documents\\Tecnicatura Diseño Web\\frameworks\\CreatorsHouse-Api\\vendor\\laravel\\lumen-framework\\src\\Concerns\\RoutesRequests.php(234): Laravel\\Lumen\\Application->handleFoundRoute(Array)
#11 C:\\Users\\muril\\Documents\\Tecnicatura Diseño Web\\frameworks\\CreatorsHouse-Api\\vendor\\laravel\\lumen-framework\\src\\Concerns\\RoutesRequests.php(170): Laravel\\Lumen\\Application->handleDispatcherResponse(Array)
#12 [internal function]: Laravel\\Lumen\\Application->Laravel\\Lumen\\Concerns\\{closure}(Object(Laravel\\Lumen\\Http\\Request))
#13 C:\\Users\\muril\\Documents\\Tecnicatura Diseño Web\\frameworks\\CreatorsHouse-Api\\vendor\\laravel\\lumen-framework\\src\\Routing\\Pipeline.php(48): call_user_func(Object(Closure), Object(Laravel\\Lumen\\Http\\Request))
#14 C:\\Users\\muril\\Documents\\Tecnicatura Diseño Web\\frameworks\\CreatorsHouse-Api\\vendor\\fruitcake\\laravel-cors\\src\\HandleCors.php(57): Laravel\\Lumen\\Routing\\Pipeline->Laravel\\Lumen\\Routing\\{closure}(Object(Laravel\\Lumen\\Http\\Request))
#15 C:\\Users\\muril\\Documents\\Tecnicatura Diseño Web\\frameworks\\CreatorsHouse-Api\\vendor\\illuminate\\pipeline\\Pipeline.php(167): Fruitcake\\Cors\\HandleCors->handle(Object(Laravel\\Lumen\\Http\\Request), Object(Closure))
#16 [internal function]: Illuminate\\Pipeline\\Pipeline->Illuminate\\Pipeline\\{closure}(Object(Laravel\\Lumen\\Http\\Request))
#17 C:\\Users\\muril\\Documents\\Tecnicatura Diseño Web\\frameworks\\CreatorsHouse-Api\\vendor\\laravel\\lumen-framework\\src\\Routing\\Pipeline.php(30): call_user_func(Object(Closure), Object(Laravel\\Lumen\\Http\\Request))
#18 C:\\Users\\muril\\Documents\\Tecnicatura Diseño Web\\frameworks\\CreatorsHouse-Api\\vendor\\illuminate\\pipeline\\Pipeline.php(103): Laravel\\Lumen\\Routing\\Pipeline->Laravel\\Lumen\\Routing\\{closure}(Object(Laravel\\Lumen\\Http\\Request))
#19 C:\\Users\\muril\\Documents\\Tecnicatura Diseño Web\\frameworks\\CreatorsHouse-Api\\vendor\\laravel\\lumen-framework\\src\\Concerns\\RoutesRequests.php(423): Illuminate\\Pipeline\\Pipeline->then(Object(Closure))
#20 C:\\Users\\muril\\Documents\\Tecnicatura Diseño Web\\frameworks\\CreatorsHouse-Api\\vendor\\laravel\\lumen-framework\\src\\Concerns\\RoutesRequests.php(172): Laravel\\Lumen\\Application->sendThroughPipeline(Array, Object(Closure))
#21 C:\\Users\\muril\\Documents\\Tecnicatura Diseño Web\\frameworks\\CreatorsHouse-Api\\vendor\\laravel\\lumen-framework\\src\\Concerns\\RoutesRequests.php(109): Laravel\\Lumen\\Application->dispatch(NULL)
#22 C:\\Users\\muril\\Documents\\Tecnicatura Diseño Web\\frameworks\\CreatorsHouse-Api\\public\\index.php(28): Laravel\\Lumen\\Application->run()
#23 {main}
"} 
[2020-11-05 15:49:14] local.ERROR: SQLSTATE[42S22]: Column not found: 1054 Unknown column 'idCreator' in 'where clause' (SQL: select * from `image` where `image`.`idPost` in (1, 2, 3, 4, 5, 6, 7, 8, 9, 10, 11, 12, 13, 14, 15, 16, 17, 18, 19, 20, 21, 22, 23, 24, 25, 26, 27, 28, 29, 30, 31, 32, 33, 34, 35, 36, 37, 38, 39, 40, 41, 42, 43, 44, 45, 46, 47, 48, 49, 50, 51, 52, 53, 54, 55, 56, 57, 58, 59, 60, 61, 62, 63, 64, 65, 66, 67, 68, 69, 70, 71, 72, 73, 74, 75, 76, 77, 78, 79, 80, 81, 82, 83, 84, 85, 86, 87, 88, 89, 90, 91, 92, 93, 94, 95, 96, 97, 98, 99, 100) and `idCreator` = 1 and `image`.`deleted_at` is null) {"exception":"[object] (Illuminate\\Database\\QueryException(code: 42S22): SQLSTATE[42S22]: Column not found: 1054 Unknown column 'idCreator' in 'where clause' (SQL: select * from `image` where `image`.`idPost` in (1, 2, 3, 4, 5, 6, 7, 8, 9, 10, 11, 12, 13, 14, 15, 16, 17, 18, 19, 20, 21, 22, 23, 24, 25, 26, 27, 28, 29, 30, 31, 32, 33, 34, 35, 36, 37, 38, 39, 40, 41, 42, 43, 44, 45, 46, 47, 48, 49, 50, 51, 52, 53, 54, 55, 56, 57, 58, 59, 60, 61, 62, 63, 64, 65, 66, 67, 68, 69, 70, 71, 72, 73, 74, 75, 76, 77, 78, 79, 80, 81, 82, 83, 84, 85, 86, 87, 88, 89, 90, 91, 92, 93, 94, 95, 96, 97, 98, 99, 100) and `idCreator` = 1 and `image`.`deleted_at` is null) at C:\\Users\\muril\\Documents\\Tecnicatura Diseño Web\\frameworks\\CreatorsHouse-Api\\vendor\\illuminate\\database\\Connection.php:671)
[stacktrace]
#0 C:\\Users\\muril\\Documents\\Tecnicatura Diseño Web\\frameworks\\CreatorsHouse-Api\\vendor\\illuminate\\database\\Connection.php(631): Illuminate\\Database\\Connection->runQueryCallback('select * from `...', Array, Object(Closure))
#1 C:\\Users\\muril\\Documents\\Tecnicatura Diseño Web\\frameworks\\CreatorsHouse-Api\\vendor\\illuminate\\database\\Connection.php(339): Illuminate\\Database\\Connection->run('select * from `...', Array, Object(Closure))
#2 C:\\Users\\muril\\Documents\\Tecnicatura Diseño Web\\frameworks\\CreatorsHouse-Api\\vendor\\illuminate\\database\\Query\\Builder.php(2303): Illuminate\\Database\\Connection->select('select * from `...', Array, true)
#3 C:\\Users\\muril\\Documents\\Tecnicatura Diseño Web\\frameworks\\CreatorsHouse-Api\\vendor\\illuminate\\database\\Query\\Builder.php(2291): Illuminate\\Database\\Query\\Builder->runSelect()
#4 C:\\Users\\muril\\Documents\\Tecnicatura Diseño Web\\frameworks\\CreatorsHouse-Api\\vendor\\illuminate\\database\\Query\\Builder.php(2786): Illuminate\\Database\\Query\\Builder->Illuminate\\Database\\Query\\{closure}()
#5 C:\\Users\\muril\\Documents\\Tecnicatura Diseño Web\\frameworks\\CreatorsHouse-Api\\vendor\\illuminate\\database\\Query\\Builder.php(2292): Illuminate\\Database\\Query\\Builder->onceWithColumns(Array, Object(Closure))
#6 C:\\Users\\muril\\Documents\\Tecnicatura Diseño Web\\frameworks\\CreatorsHouse-Api\\vendor\\illuminate\\database\\Eloquent\\Builder.php(549): Illuminate\\Database\\Query\\Builder->get(Array)
#7 C:\\Users\\muril\\Documents\\Tecnicatura Diseño Web\\frameworks\\CreatorsHouse-Api\\vendor\\illuminate\\database\\Eloquent\\Builder.php(533): Illuminate\\Database\\Eloquent\\Builder->getModels(Array)
#8 C:\\Users\\muril\\Documents\\Tecnicatura Diseño Web\\frameworks\\CreatorsHouse-Api\\vendor\\illuminate\\database\\Eloquent\\Relations\\Relation.php(155): Illuminate\\Database\\Eloquent\\Builder->get(Array)
#9 C:\\Users\\muril\\Documents\\Tecnicatura Diseño Web\\frameworks\\CreatorsHouse-Api\\vendor\\illuminate\\database\\Eloquent\\Relations\\Relation.php(144): Illuminate\\Database\\Eloquent\\Relations\\Relation->get()
#10 C:\\Users\\muril\\Documents\\Tecnicatura Diseño Web\\frameworks\\CreatorsHouse-Api\\vendor\\illuminate\\database\\Eloquent\\Builder.php(597): Illuminate\\Database\\Eloquent\\Relations\\Relation->getEager()
#11 C:\\Users\\muril\\Documents\\Tecnicatura Diseño Web\\frameworks\\CreatorsHouse-Api\\vendor\\illuminate\\database\\Eloquent\\Builder.php(566): Illuminate\\Database\\Eloquent\\Builder->eagerLoadRelation(Array, 'images', Object(Closure))
#12 C:\\Users\\muril\\Documents\\Tecnicatura Diseño Web\\frameworks\\CreatorsHouse-Api\\vendor\\illuminate\\database\\Eloquent\\Builder.php(534): Illuminate\\Database\\Eloquent\\Builder->eagerLoadRelations(Array)
#13 C:\\Users\\muril\\Documents\\Tecnicatura Diseño Web\\frameworks\\CreatorsHouse-Api\\app\\Http\\Controllers\\CreatorController.php(82): Illuminate\\Database\\Eloquent\\Builder->get()
#14 C:\\Users\\muril\\Documents\\Tecnicatura Diseño Web\\frameworks\\CreatorsHouse-Api\\vendor\\illuminate\\container\\BoundMethod.php(36): App\\Http\\Controllers\\CreatorController->showPostsCreator('1')
#15 C:\\Users\\muril\\Documents\\Tecnicatura Diseño Web\\frameworks\\CreatorsHouse-Api\\vendor\\illuminate\\container\\Util.php(40): Illuminate\\Container\\BoundMethod::Illuminate\\Container\\{closure}()
#16 C:\\Users\\muril\\Documents\\Tecnicatura Diseño Web\\frameworks\\CreatorsHouse-Api\\vendor\\illuminate\\container\\BoundMethod.php(93): Illuminate\\Container\\Util::unwrapIfClosure(Object(Closure))
#17 C:\\Users\\muril\\Documents\\Tecnicatura Diseño Web\\frameworks\\CreatorsHouse-Api\\vendor\\illuminate\\container\\BoundMethod.php(37): Illuminate\\Container\\BoundMethod::callBoundMethod(Object(Laravel\\Lumen\\Application), Array, Object(Closure))
#18 C:\\Users\\muril\\Documents\\Tecnicatura Diseño Web\\frameworks\\CreatorsHouse-Api\\vendor\\illuminate\\container\\Container.php(596): Illuminate\\Container\\BoundMethod::call(Object(Laravel\\Lumen\\Application), Array, Array, NULL)
#19 C:\\Users\\muril\\Documents\\Tecnicatura Diseño Web\\frameworks\\CreatorsHouse-Api\\vendor\\laravel\\lumen-framework\\src\\Concerns\\RoutesRequests.php(386): Illuminate\\Container\\Container->call(Array, Array)
#20 C:\\Users\\muril\\Documents\\Tecnicatura Diseño Web\\frameworks\\CreatorsHouse-Api\\vendor\\laravel\\lumen-framework\\src\\Concerns\\RoutesRequests.php(352): Laravel\\Lumen\\Application->callControllerCallable(Array, Array)
#21 C:\\Users\\muril\\Documents\\Tecnicatura Diseño Web\\frameworks\\CreatorsHouse-Api\\vendor\\laravel\\lumen-framework\\src\\Concerns\\RoutesRequests.php(326): Laravel\\Lumen\\Application->callLumenController(Object(App\\Http\\Controllers\\CreatorController), 'showPostsCreato...', Array)
#22 C:\\Users\\muril\\Documents\\Tecnicatura Diseño Web\\frameworks\\CreatorsHouse-Api\\vendor\\laravel\\lumen-framework\\src\\Concerns\\RoutesRequests.php(279): Laravel\\Lumen\\Application->callControllerAction(Array)
#23 C:\\Users\\muril\\Documents\\Tecnicatura Diseño Web\\frameworks\\CreatorsHouse-Api\\vendor\\laravel\\lumen-framework\\src\\Concerns\\RoutesRequests.php(264): Laravel\\Lumen\\Application->callActionOnArrayBasedRoute(Array)
#24 C:\\Users\\muril\\Documents\\Tecnicatura Diseño Web\\frameworks\\CreatorsHouse-Api\\vendor\\laravel\\lumen-framework\\src\\Concerns\\RoutesRequests.php(234): Laravel\\Lumen\\Application->handleFoundRoute(Array)
#25 C:\\Users\\muril\\Documents\\Tecnicatura Diseño Web\\frameworks\\CreatorsHouse-Api\\vendor\\laravel\\lumen-framework\\src\\Concerns\\RoutesRequests.php(170): Laravel\\Lumen\\Application->handleDispatcherResponse(Array)
#26 [internal function]: Laravel\\Lumen\\Application->Laravel\\Lumen\\Concerns\\{closure}(Object(Laravel\\Lumen\\Http\\Request))
#27 C:\\Users\\muril\\Documents\\Tecnicatura Diseño Web\\frameworks\\CreatorsHouse-Api\\vendor\\laravel\\lumen-framework\\src\\Routing\\Pipeline.php(48): call_user_func(Object(Closure), Object(Laravel\\Lumen\\Http\\Request))
#28 C:\\Users\\muril\\Documents\\Tecnicatura Diseño Web\\frameworks\\CreatorsHouse-Api\\vendor\\fruitcake\\laravel-cors\\src\\HandleCors.php(57): Laravel\\Lumen\\Routing\\Pipeline->Laravel\\Lumen\\Routing\\{closure}(Object(Laravel\\Lumen\\Http\\Request))
#29 C:\\Users\\muril\\Documents\\Tecnicatura Diseño Web\\frameworks\\CreatorsHouse-Api\\vendor\\illuminate\\pipeline\\Pipeline.php(167): Fruitcake\\Cors\\HandleCors->handle(Object(Laravel\\Lumen\\Http\\Request), Object(Closure))
#30 [internal function]: Illuminate\\Pipeline\\Pipeline->Illuminate\\Pipeline\\{closure}(Object(Laravel\\Lumen\\Http\\Request))
#31 C:\\Users\\muril\\Documents\\Tecnicatura Diseño Web\\frameworks\\CreatorsHouse-Api\\vendor\\laravel\\lumen-framework\\src\\Routing\\Pipeline.php(30): call_user_func(Object(Closure), Object(Laravel\\Lumen\\Http\\Request))
#32 C:\\Users\\muril\\Documents\\Tecnicatura Diseño Web\\frameworks\\CreatorsHouse-Api\\vendor\\illuminate\\pipeline\\Pipeline.php(103): Laravel\\Lumen\\Routing\\Pipeline->Laravel\\Lumen\\Routing\\{closure}(Object(Laravel\\Lumen\\Http\\Request))
#33 C:\\Users\\muril\\Documents\\Tecnicatura Diseño Web\\frameworks\\CreatorsHouse-Api\\vendor\\laravel\\lumen-framework\\src\\Concerns\\RoutesRequests.php(423): Illuminate\\Pipeline\\Pipeline->then(Object(Closure))
#34 C:\\Users\\muril\\Documents\\Tecnicatura Diseño Web\\frameworks\\CreatorsHouse-Api\\vendor\\laravel\\lumen-framework\\src\\Concerns\\RoutesRequests.php(172): Laravel\\Lumen\\Application->sendThroughPipeline(Array, Object(Closure))
#35 C:\\Users\\muril\\Documents\\Tecnicatura Diseño Web\\frameworks\\CreatorsHouse-Api\\vendor\\laravel\\lumen-framework\\src\\Concerns\\RoutesRequests.php(109): Laravel\\Lumen\\Application->dispatch(NULL)
#36 C:\\Users\\muril\\Documents\\Tecnicatura Diseño Web\\frameworks\\CreatorsHouse-Api\\public\\index.php(28): Laravel\\Lumen\\Application->run()
#37 {main}

[previous exception] [object] (PDOException(code: 42S22): SQLSTATE[42S22]: Column not found: 1054 Unknown column 'idCreator' in 'where clause' at C:\\Users\\muril\\Documents\\Tecnicatura Diseño Web\\frameworks\\CreatorsHouse-Api\\vendor\\illuminate\\database\\Connection.php:331)
[stacktrace]
#0 C:\\Users\\muril\\Documents\\Tecnicatura Diseño Web\\frameworks\\CreatorsHouse-Api\\vendor\\illuminate\\database\\Connection.php(331): PDO->prepare('select * from `...')
#1 C:\\Users\\muril\\Documents\\Tecnicatura Diseño Web\\frameworks\\CreatorsHouse-Api\\vendor\\illuminate\\database\\Connection.php(664): Illuminate\\Database\\Connection->Illuminate\\Database\\{closure}('select * from `...', Array)
#2 C:\\Users\\muril\\Documents\\Tecnicatura Diseño Web\\frameworks\\CreatorsHouse-Api\\vendor\\illuminate\\database\\Connection.php(631): Illuminate\\Database\\Connection->runQueryCallback('select * from `...', Array, Object(Closure))
#3 C:\\Users\\muril\\Documents\\Tecnicatura Diseño Web\\frameworks\\CreatorsHouse-Api\\vendor\\illuminate\\database\\Connection.php(339): Illuminate\\Database\\Connection->run('select * from `...', Array, Object(Closure))
#4 C:\\Users\\muril\\Documents\\Tecnicatura Diseño Web\\frameworks\\CreatorsHouse-Api\\vendor\\illuminate\\database\\Query\\Builder.php(2303): Illuminate\\Database\\Connection->select('select * from `...', Array, true)
#5 C:\\Users\\muril\\Documents\\Tecnicatura Diseño Web\\frameworks\\CreatorsHouse-Api\\vendor\\illuminate\\database\\Query\\Builder.php(2291): Illuminate\\Database\\Query\\Builder->runSelect()
#6 C:\\Users\\muril\\Documents\\Tecnicatura Diseño Web\\frameworks\\CreatorsHouse-Api\\vendor\\illuminate\\database\\Query\\Builder.php(2786): Illuminate\\Database\\Query\\Builder->Illuminate\\Database\\Query\\{closure}()
#7 C:\\Users\\muril\\Documents\\Tecnicatura Diseño Web\\frameworks\\CreatorsHouse-Api\\vendor\\illuminate\\database\\Query\\Builder.php(2292): Illuminate\\Database\\Query\\Builder->onceWithColumns(Array, Object(Closure))
#8 C:\\Users\\muril\\Documents\\Tecnicatura Diseño Web\\frameworks\\CreatorsHouse-Api\\vendor\\illuminate\\database\\Eloquent\\Builder.php(549): Illuminate\\Database\\Query\\Builder->get(Array)
#9 C:\\Users\\muril\\Documents\\Tecnicatura Diseño Web\\frameworks\\CreatorsHouse-Api\\vendor\\illuminate\\database\\Eloquent\\Builder.php(533): Illuminate\\Database\\Eloquent\\Builder->getModels(Array)
#10 C:\\Users\\muril\\Documents\\Tecnicatura Diseño Web\\frameworks\\CreatorsHouse-Api\\vendor\\illuminate\\database\\Eloquent\\Relations\\Relation.php(155): Illuminate\\Database\\Eloquent\\Builder->get(Array)
#11 C:\\Users\\muril\\Documents\\Tecnicatura Diseño Web\\frameworks\\CreatorsHouse-Api\\vendor\\illuminate\\database\\Eloquent\\Relations\\Relation.php(144): Illuminate\\Database\\Eloquent\\Relations\\Relation->get()
#12 C:\\Users\\muril\\Documents\\Tecnicatura Diseño Web\\frameworks\\CreatorsHouse-Api\\vendor\\illuminate\\database\\Eloquent\\Builder.php(597): Illuminate\\Database\\Eloquent\\Relations\\Relation->getEager()
#13 C:\\Users\\muril\\Documents\\Tecnicatura Diseño Web\\frameworks\\CreatorsHouse-Api\\vendor\\illuminate\\database\\Eloquent\\Builder.php(566): Illuminate\\Database\\Eloquent\\Builder->eagerLoadRelation(Array, 'images', Object(Closure))
#14 C:\\Users\\muril\\Documents\\Tecnicatura Diseño Web\\frameworks\\CreatorsHouse-Api\\vendor\\illuminate\\database\\Eloquent\\Builder.php(534): Illuminate\\Database\\Eloquent\\Builder->eagerLoadRelations(Array)
#15 C:\\Users\\muril\\Documents\\Tecnicatura Diseño Web\\frameworks\\CreatorsHouse-Api\\app\\Http\\Controllers\\CreatorController.php(82): Illuminate\\Database\\Eloquent\\Builder->get()
#16 C:\\Users\\muril\\Documents\\Tecnicatura Diseño Web\\frameworks\\CreatorsHouse-Api\\vendor\\illuminate\\container\\BoundMethod.php(36): App\\Http\\Controllers\\CreatorController->showPostsCreator('1')
#17 C:\\Users\\muril\\Documents\\Tecnicatura Diseño Web\\frameworks\\CreatorsHouse-Api\\vendor\\illuminate\\container\\Util.php(40): Illuminate\\Container\\BoundMethod::Illuminate\\Container\\{closure}()
#18 C:\\Users\\muril\\Documents\\Tecnicatura Diseño Web\\frameworks\\CreatorsHouse-Api\\vendor\\illuminate\\container\\BoundMethod.php(93): Illuminate\\Container\\Util::unwrapIfClosure(Object(Closure))
#19 C:\\Users\\muril\\Documents\\Tecnicatura Diseño Web\\frameworks\\CreatorsHouse-Api\\vendor\\illuminate\\container\\BoundMethod.php(37): Illuminate\\Container\\BoundMethod::callBoundMethod(Object(Laravel\\Lumen\\Application), Array, Object(Closure))
#20 C:\\Users\\muril\\Documents\\Tecnicatura Diseño Web\\frameworks\\CreatorsHouse-Api\\vendor\\illuminate\\container\\Container.php(596): Illuminate\\Container\\BoundMethod::call(Object(Laravel\\Lumen\\Application), Array, Array, NULL)
#21 C:\\Users\\muril\\Documents\\Tecnicatura Diseño Web\\frameworks\\CreatorsHouse-Api\\vendor\\laravel\\lumen-framework\\src\\Concerns\\RoutesRequests.php(386): Illuminate\\Container\\Container->call(Array, Array)
#22 C:\\Users\\muril\\Documents\\Tecnicatura Diseño Web\\frameworks\\CreatorsHouse-Api\\vendor\\laravel\\lumen-framework\\src\\Concerns\\RoutesRequests.php(352): Laravel\\Lumen\\Application->callControllerCallable(Array, Array)
#23 C:\\Users\\muril\\Documents\\Tecnicatura Diseño Web\\frameworks\\CreatorsHouse-Api\\vendor\\laravel\\lumen-framework\\src\\Concerns\\RoutesRequests.php(326): Laravel\\Lumen\\Application->callLumenController(Object(App\\Http\\Controllers\\CreatorController), 'showPostsCreato...', Array)
#24 C:\\Users\\muril\\Documents\\Tecnicatura Diseño Web\\frameworks\\CreatorsHouse-Api\\vendor\\laravel\\lumen-framework\\src\\Concerns\\RoutesRequests.php(279): Laravel\\Lumen\\Application->callControllerAction(Array)
#25 C:\\Users\\muril\\Documents\\Tecnicatura Diseño Web\\frameworks\\CreatorsHouse-Api\\vendor\\laravel\\lumen-framework\\src\\Concerns\\RoutesRequests.php(264): Laravel\\Lumen\\Application->callActionOnArrayBasedRoute(Array)
#26 C:\\Users\\muril\\Documents\\Tecnicatura Diseño Web\\frameworks\\CreatorsHouse-Api\\vendor\\laravel\\lumen-framework\\src\\Concerns\\RoutesRequests.php(234): Laravel\\Lumen\\Application->handleFoundRoute(Array)
#27 C:\\Users\\muril\\Documents\\Tecnicatura Diseño Web\\frameworks\\CreatorsHouse-Api\\vendor\\laravel\\lumen-framework\\src\\Concerns\\RoutesRequests.php(170): Laravel\\Lumen\\Application->handleDispatcherResponse(Array)
#28 [internal function]: Laravel\\Lumen\\Application->Laravel\\Lumen\\Concerns\\{closure}(Object(Laravel\\Lumen\\Http\\Request))
#29 C:\\Users\\muril\\Documents\\Tecnicatura Diseño Web\\frameworks\\CreatorsHouse-Api\\vendor\\laravel\\lumen-framework\\src\\Routing\\Pipeline.php(48): call_user_func(Object(Closure), Object(Laravel\\Lumen\\Http\\Request))
#30 C:\\Users\\muril\\Documents\\Tecnicatura Diseño Web\\frameworks\\CreatorsHouse-Api\\vendor\\fruitcake\\laravel-cors\\src\\HandleCors.php(57): Laravel\\Lumen\\Routing\\Pipeline->Laravel\\Lumen\\Routing\\{closure}(Object(Laravel\\Lumen\\Http\\Request))
#31 C:\\Users\\muril\\Documents\\Tecnicatura Diseño Web\\frameworks\\CreatorsHouse-Api\\vendor\\illuminate\\pipeline\\Pipeline.php(167): Fruitcake\\Cors\\HandleCors->handle(Object(Laravel\\Lumen\\Http\\Request), Object(Closure))
#32 [internal function]: Illuminate\\Pipeline\\Pipeline->Illuminate\\Pipeline\\{closure}(Object(Laravel\\Lumen\\Http\\Request))
#33 C:\\Users\\muril\\Documents\\Tecnicatura Diseño Web\\frameworks\\CreatorsHouse-Api\\vendor\\laravel\\lumen-framework\\src\\Routing\\Pipeline.php(30): call_user_func(Object(Closure), Object(Laravel\\Lumen\\Http\\Request))
#34 C:\\Users\\muril\\Documents\\Tecnicatura Diseño Web\\frameworks\\CreatorsHouse-Api\\vendor\\illuminate\\pipeline\\Pipeline.php(103): Laravel\\Lumen\\Routing\\Pipeline->Laravel\\Lumen\\Routing\\{closure}(Object(Laravel\\Lumen\\Http\\Request))
#35 C:\\Users\\muril\\Documents\\Tecnicatura Diseño Web\\frameworks\\CreatorsHouse-Api\\vendor\\laravel\\lumen-framework\\src\\Concerns\\RoutesRequests.php(423): Illuminate\\Pipeline\\Pipeline->then(Object(Closure))
#36 C:\\Users\\muril\\Documents\\Tecnicatura Diseño Web\\frameworks\\CreatorsHouse-Api\\vendor\\laravel\\lumen-framework\\src\\Concerns\\RoutesRequests.php(172): Laravel\\Lumen\\Application->sendThroughPipeline(Array, Object(Closure))
#37 C:\\Users\\muril\\Documents\\Tecnicatura Diseño Web\\frameworks\\CreatorsHouse-Api\\vendor\\laravel\\lumen-framework\\src\\Concerns\\RoutesRequests.php(109): Laravel\\Lumen\\Application->dispatch(NULL)
#38 C:\\Users\\muril\\Documents\\Tecnicatura Diseño Web\\frameworks\\CreatorsHouse-Api\\public\\index.php(28): Laravel\\Lumen\\Application->run()
#39 {main}
"} 
[2020-11-05 15:59:20] local.ERROR: Non-static method Illuminate\Database\Eloquent\Builder::with() should not be called statically {"exception":"[object] (ErrorException(code: 0): Non-static method Illuminate\\Database\\Eloquent\\Builder::with() should not be called statically at C:\\Users\\muril\\Documents\\Tecnicatura Diseño Web\\frameworks\\CreatorsHouse-Api\\app\\Http\\Controllers\\CreatorController.php:83)
[stacktrace]
#0 C:\\Users\\muril\\Documents\\Tecnicatura Diseño Web\\frameworks\\CreatorsHouse-Api\\app\\Http\\Controllers\\CreatorController.php(83): Laravel\\Lumen\\Application->Laravel\\Lumen\\Concerns\\{closure}(8192, 'Non-static meth...', 'C:\\\\Users\\\\muril\\\\...', 83, Array)
#1 C:\\Users\\muril\\Documents\\Tecnicatura Diseño Web\\frameworks\\CreatorsHouse-Api\\vendor\\illuminate\\container\\BoundMethod.php(36): App\\Http\\Controllers\\CreatorController->showPostsCreator('1')
#2 C:\\Users\\muril\\Documents\\Tecnicatura Diseño Web\\frameworks\\CreatorsHouse-Api\\vendor\\illuminate\\container\\Util.php(40): Illuminate\\Container\\BoundMethod::Illuminate\\Container\\{closure}()
#3 C:\\Users\\muril\\Documents\\Tecnicatura Diseño Web\\frameworks\\CreatorsHouse-Api\\vendor\\illuminate\\container\\BoundMethod.php(93): Illuminate\\Container\\Util::unwrapIfClosure(Object(Closure))
#4 C:\\Users\\muril\\Documents\\Tecnicatura Diseño Web\\frameworks\\CreatorsHouse-Api\\vendor\\illuminate\\container\\BoundMethod.php(37): Illuminate\\Container\\BoundMethod::callBoundMethod(Object(Laravel\\Lumen\\Application), Array, Object(Closure))
#5 C:\\Users\\muril\\Documents\\Tecnicatura Diseño Web\\frameworks\\CreatorsHouse-Api\\vendor\\illuminate\\container\\Container.php(596): Illuminate\\Container\\BoundMethod::call(Object(Laravel\\Lumen\\Application), Array, Array, NULL)
#6 C:\\Users\\muril\\Documents\\Tecnicatura Diseño Web\\frameworks\\CreatorsHouse-Api\\vendor\\laravel\\lumen-framework\\src\\Concerns\\RoutesRequests.php(386): Illuminate\\Container\\Container->call(Array, Array)
#7 C:\\Users\\muril\\Documents\\Tecnicatura Diseño Web\\frameworks\\CreatorsHouse-Api\\vendor\\laravel\\lumen-framework\\src\\Concerns\\RoutesRequests.php(352): Laravel\\Lumen\\Application->callControllerCallable(Array, Array)
#8 C:\\Users\\muril\\Documents\\Tecnicatura Diseño Web\\frameworks\\CreatorsHouse-Api\\vendor\\laravel\\lumen-framework\\src\\Concerns\\RoutesRequests.php(326): Laravel\\Lumen\\Application->callLumenController(Object(App\\Http\\Controllers\\CreatorController), 'showPostsCreato...', Array)
#9 C:\\Users\\muril\\Documents\\Tecnicatura Diseño Web\\frameworks\\CreatorsHouse-Api\\vendor\\laravel\\lumen-framework\\src\\Concerns\\RoutesRequests.php(279): Laravel\\Lumen\\Application->callControllerAction(Array)
#10 C:\\Users\\muril\\Documents\\Tecnicatura Diseño Web\\frameworks\\CreatorsHouse-Api\\vendor\\laravel\\lumen-framework\\src\\Concerns\\RoutesRequests.php(264): Laravel\\Lumen\\Application->callActionOnArrayBasedRoute(Array)
#11 C:\\Users\\muril\\Documents\\Tecnicatura Diseño Web\\frameworks\\CreatorsHouse-Api\\vendor\\laravel\\lumen-framework\\src\\Concerns\\RoutesRequests.php(234): Laravel\\Lumen\\Application->handleFoundRoute(Array)
#12 C:\\Users\\muril\\Documents\\Tecnicatura Diseño Web\\frameworks\\CreatorsHouse-Api\\vendor\\laravel\\lumen-framework\\src\\Concerns\\RoutesRequests.php(170): Laravel\\Lumen\\Application->handleDispatcherResponse(Array)
#13 [internal function]: Laravel\\Lumen\\Application->Laravel\\Lumen\\Concerns\\{closure}(Object(Laravel\\Lumen\\Http\\Request))
#14 C:\\Users\\muril\\Documents\\Tecnicatura Diseño Web\\frameworks\\CreatorsHouse-Api\\vendor\\laravel\\lumen-framework\\src\\Routing\\Pipeline.php(48): call_user_func(Object(Closure), Object(Laravel\\Lumen\\Http\\Request))
#15 C:\\Users\\muril\\Documents\\Tecnicatura Diseño Web\\frameworks\\CreatorsHouse-Api\\vendor\\fruitcake\\laravel-cors\\src\\HandleCors.php(57): Laravel\\Lumen\\Routing\\Pipeline->Laravel\\Lumen\\Routing\\{closure}(Object(Laravel\\Lumen\\Http\\Request))
#16 C:\\Users\\muril\\Documents\\Tecnicatura Diseño Web\\frameworks\\CreatorsHouse-Api\\vendor\\illuminate\\pipeline\\Pipeline.php(167): Fruitcake\\Cors\\HandleCors->handle(Object(Laravel\\Lumen\\Http\\Request), Object(Closure))
#17 [internal function]: Illuminate\\Pipeline\\Pipeline->Illuminate\\Pipeline\\{closure}(Object(Laravel\\Lumen\\Http\\Request))
#18 C:\\Users\\muril\\Documents\\Tecnicatura Diseño Web\\frameworks\\CreatorsHouse-Api\\vendor\\laravel\\lumen-framework\\src\\Routing\\Pipeline.php(30): call_user_func(Object(Closure), Object(Laravel\\Lumen\\Http\\Request))
#19 C:\\Users\\muril\\Documents\\Tecnicatura Diseño Web\\frameworks\\CreatorsHouse-Api\\vendor\\illuminate\\pipeline\\Pipeline.php(103): Laravel\\Lumen\\Routing\\Pipeline->Laravel\\Lumen\\Routing\\{closure}(Object(Laravel\\Lumen\\Http\\Request))
#20 C:\\Users\\muril\\Documents\\Tecnicatura Diseño Web\\frameworks\\CreatorsHouse-Api\\vendor\\laravel\\lumen-framework\\src\\Concerns\\RoutesRequests.php(423): Illuminate\\Pipeline\\Pipeline->then(Object(Closure))
#21 C:\\Users\\muril\\Documents\\Tecnicatura Diseño Web\\frameworks\\CreatorsHouse-Api\\vendor\\laravel\\lumen-framework\\src\\Concerns\\RoutesRequests.php(172): Laravel\\Lumen\\Application->sendThroughPipeline(Array, Object(Closure))
#22 C:\\Users\\muril\\Documents\\Tecnicatura Diseño Web\\frameworks\\CreatorsHouse-Api\\vendor\\laravel\\lumen-framework\\src\\Concerns\\RoutesRequests.php(109): Laravel\\Lumen\\Application->dispatch(NULL)
#23 C:\\Users\\muril\\Documents\\Tecnicatura Diseño Web\\frameworks\\CreatorsHouse-Api\\public\\index.php(28): Laravel\\Lumen\\Application->run()
#24 {main}
"} 
