[2020-10-28 18:17:35] local.ERROR: Property [id] does not exist on this collection instance. {"exception":"[object] (Exception(code: 0): Property [id] does not exist on this collection instance. at C:\\Users\\muril\\Documents\\Tecnicatura Diseño Web\\frameworks\\CreatorsHouse-Api\\vendor\\illuminate\\collections\\Traits\\EnumeratesValues.php:861)
[stacktrace]
#0 C:\\Users\\muril\\Documents\\Tecnicatura Diseño Web\\frameworks\\CreatorsHouse-Api\\database\\factories\\CreatorFactory.php(36): Illuminate\\Support\\Collection->__get('id')
#1 C:\\Users\\muril\\Documents\\Tecnicatura Diseño Web\\frameworks\\CreatorsHouse-Api\\vendor\\illuminate\\database\\Eloquent\\Factories\\Factory.php(366): Database\\Factories\\CreatorFactory->definition()
#2 C:\\Users\\muril\\Documents\\Tecnicatura Diseño Web\\frameworks\\CreatorsHouse-Api\\vendor\\illuminate\\database\\Eloquent\\Factories\\Factory.php(345): Illuminate\\Database\\Eloquent\\Factories\\Factory->getRawAttributes(NULL)
#3 C:\\Users\\muril\\Documents\\Tecnicatura Diseño Web\\frameworks\\CreatorsHouse-Api\\vendor\\illuminate\\database\\Eloquent\\Factories\\Factory.php(329): Illuminate\\Database\\Eloquent\\Factories\\Factory->getExpandedAttributes(NULL)
#4 C:\\Users\\muril\\Documents\\Tecnicatura Diseño Web\\frameworks\\CreatorsHouse-Api\\vendor\\illuminate\\database\\Eloquent\\Concerns\\GuardsAttributes.php(151): Illuminate\\Database\\Eloquent\\Factories\\Factory->Illuminate\\Database\\Eloquent\\Factories\\{closure}()
#5 C:\\Users\\muril\\Documents\\Tecnicatura Diseño Web\\frameworks\\CreatorsHouse-Api\\vendor\\illuminate\\database\\Eloquent\\Factories\\Factory.php(334): Illuminate\\Database\\Eloquent\\Model::unguarded(Object(Closure))
#6 C:\\Users\\muril\\Documents\\Tecnicatura Diseño Web\\frameworks\\CreatorsHouse-Api\\vendor\\illuminate\\database\\Eloquent\\Factories\\Factory.php(312): Illuminate\\Database\\Eloquent\\Factories\\Factory->makeInstance(NULL)
#7 [internal function]: Illuminate\\Database\\Eloquent\\Factories\\Factory->Illuminate\\Database\\Eloquent\\Factories\\{closure}(1)
#8 C:\\Users\\muril\\Documents\\Tecnicatura Diseño Web\\frameworks\\CreatorsHouse-Api\\vendor\\illuminate\\database\\Eloquent\\Factories\\Factory.php(313): array_map(Object(Closure), Array)
#9 C:\\Users\\muril\\Documents\\Tecnicatura Diseño Web\\frameworks\\CreatorsHouse-Api\\vendor\\illuminate\\database\\Eloquent\\Factories\\Factory.php(228): Illuminate\\Database\\Eloquent\\Factories\\Factory->make(Array, NULL)
#10 C:\\Users\\muril\\Documents\\Tecnicatura Diseño Web\\frameworks\\CreatorsHouse-Api\\database\\seeders\\DatabaseSeeder.php(35): Illuminate\\Database\\Eloquent\\Factories\\Factory->create()
#11 C:\\Users\\muril\\Documents\\Tecnicatura Diseño Web\\frameworks\\CreatorsHouse-Api\\vendor\\illuminate\\container\\BoundMethod.php(36): Database\\Seeders\\DatabaseSeeder->run()
#12 C:\\Users\\muril\\Documents\\Tecnicatura Diseño Web\\frameworks\\CreatorsHouse-Api\\vendor\\illuminate\\container\\Util.php(40): Illuminate\\Container\\BoundMethod::Illuminate\\Container\\{closure}()
#13 C:\\Users\\muril\\Documents\\Tecnicatura Diseño Web\\frameworks\\CreatorsHouse-Api\\vendor\\illuminate\\container\\BoundMethod.php(93): Illuminate\\Container\\Util::unwrapIfClosure(Object(Closure))
#14 C:\\Users\\muril\\Documents\\Tecnicatura Diseño Web\\frameworks\\CreatorsHouse-Api\\vendor\\illuminate\\container\\BoundMethod.php(37): Illuminate\\Container\\BoundMethod::callBoundMethod(Object(Laravel\\Lumen\\Application), Array, Object(Closure))
#15 C:\\Users\\muril\\Documents\\Tecnicatura Diseño Web\\frameworks\\CreatorsHouse-Api\\vendor\\illuminate\\container\\Container.php(596): Illuminate\\Container\\BoundMethod::call(Object(Laravel\\Lumen\\Application), Array, Array, NULL)
#16 C:\\Users\\muril\\Documents\\Tecnicatura Diseño Web\\frameworks\\CreatorsHouse-Api\\vendor\\illuminate\\database\\Seeder.php(149): Illuminate\\Container\\Container->call(Array, Array)
#17 C:\\Users\\muril\\Documents\\Tecnicatura Diseño Web\\frameworks\\CreatorsHouse-Api\\vendor\\illuminate\\database\\Console\\Seeds\\SeedCommand.php(65): Illuminate\\Database\\Seeder->__invoke()
#18 C:\\Users\\muril\\Documents\\Tecnicatura Diseño Web\\frameworks\\CreatorsHouse-Api\\vendor\\illuminate\\database\\Eloquent\\Concerns\\GuardsAttributes.php(157): Illuminate\\Database\\Console\\Seeds\\SeedCommand->Illuminate\\Database\\Console\\Seeds\\{closure}()
#19 C:\\Users\\muril\\Documents\\Tecnicatura Diseño Web\\frameworks\\CreatorsHouse-Api\\vendor\\illuminate\\database\\Console\\Seeds\\SeedCommand.php(66): Illuminate\\Database\\Eloquent\\Model::unguarded(Object(Closure))
#20 C:\\Users\\muril\\Documents\\Tecnicatura Diseño Web\\frameworks\\CreatorsHouse-Api\\vendor\\illuminate\\container\\BoundMethod.php(36): Illuminate\\Database\\Console\\Seeds\\SeedCommand->handle()
#21 C:\\Users\\muril\\Documents\\Tecnicatura Diseño Web\\frameworks\\CreatorsHouse-Api\\vendor\\illuminate\\container\\Util.php(40): Illuminate\\Container\\BoundMethod::Illuminate\\Container\\{closure}()
#22 C:\\Users\\muril\\Documents\\Tecnicatura Diseño Web\\frameworks\\CreatorsHouse-Api\\vendor\\illuminate\\container\\BoundMethod.php(93): Illuminate\\Container\\Util::unwrapIfClosure(Object(Closure))
#23 C:\\Users\\muril\\Documents\\Tecnicatura Diseño Web\\frameworks\\CreatorsHouse-Api\\vendor\\illuminate\\container\\BoundMethod.php(37): Illuminate\\Container\\BoundMethod::callBoundMethod(Object(Laravel\\Lumen\\Application), Array, Object(Closure))
#24 C:\\Users\\muril\\Documents\\Tecnicatura Diseño Web\\frameworks\\CreatorsHouse-Api\\vendor\\illuminate\\container\\Container.php(596): Illuminate\\Container\\BoundMethod::call(Object(Laravel\\Lumen\\Application), Array, Array, NULL)
#25 C:\\Users\\muril\\Documents\\Tecnicatura Diseño Web\\frameworks\\CreatorsHouse-Api\\vendor\\illuminate\\console\\Command.php(136): Illuminate\\Container\\Container->call(Array)
#26 C:\\Users\\muril\\Documents\\Tecnicatura Diseño Web\\frameworks\\CreatorsHouse-Api\\vendor\\symfony\\console\\Command\\Command.php(258): Illuminate\\Console\\Command->execute(Object(Symfony\\Component\\Console\\Input\\ArrayInput), Object(Illuminate\\Console\\OutputStyle))
#27 C:\\Users\\muril\\Documents\\Tecnicatura Diseño Web\\frameworks\\CreatorsHouse-Api\\vendor\\illuminate\\console\\Command.php(121): Symfony\\Component\\Console\\Command\\Command->run(Object(Symfony\\Component\\Console\\Input\\ArrayInput), Object(Illuminate\\Console\\OutputStyle))
#28 C:\\Users\\muril\\Documents\\Tecnicatura Diseño Web\\frameworks\\CreatorsHouse-Api\\vendor\\illuminate\\console\\Concerns\\CallsCommands.php(56): Illuminate\\Console\\Command->run(Object(Symfony\\Component\\Console\\Input\\ArrayInput), Object(Illuminate\\Console\\OutputStyle))
#29 C:\\Users\\muril\\Documents\\Tecnicatura Diseño Web\\frameworks\\CreatorsHouse-Api\\vendor\\illuminate\\console\\Concerns\\CallsCommands.php(28): Illuminate\\Console\\Command->runCommand('db:seed', Array, Object(Illuminate\\Console\\OutputStyle))
#30 C:\\Users\\muril\\Documents\\Tecnicatura Diseño Web\\frameworks\\CreatorsHouse-Api\\vendor\\illuminate\\database\\Console\\Migrations\\RefreshCommand.php(128): Illuminate\\Console\\Command->call('db:seed', Array)
#31 C:\\Users\\muril\\Documents\\Tecnicatura Diseño Web\\frameworks\\CreatorsHouse-Api\\vendor\\illuminate\\database\\Console\\Migrations\\RefreshCommand.php(67): Illuminate\\Database\\Console\\Migrations\\RefreshCommand->runSeeder(NULL)
#32 C:\\Users\\muril\\Documents\\Tecnicatura Diseño Web\\frameworks\\CreatorsHouse-Api\\vendor\\illuminate\\container\\BoundMethod.php(36): Illuminate\\Database\\Console\\Migrations\\RefreshCommand->handle()
#33 C:\\Users\\muril\\Documents\\Tecnicatura Diseño Web\\frameworks\\CreatorsHouse-Api\\vendor\\illuminate\\container\\Util.php(40): Illuminate\\Container\\BoundMethod::Illuminate\\Container\\{closure}()
#34 C:\\Users\\muril\\Documents\\Tecnicatura Diseño Web\\frameworks\\CreatorsHouse-Api\\vendor\\illuminate\\container\\BoundMethod.php(93): Illuminate\\Container\\Util::unwrapIfClosure(Object(Closure))
#35 C:\\Users\\muril\\Documents\\Tecnicatura Diseño Web\\frameworks\\CreatorsHouse-Api\\vendor\\illuminate\\container\\BoundMethod.php(37): Illuminate\\Container\\BoundMethod::callBoundMethod(Object(Laravel\\Lumen\\Application), Array, Object(Closure))
#36 C:\\Users\\muril\\Documents\\Tecnicatura Diseño Web\\frameworks\\CreatorsHouse-Api\\vendor\\illuminate\\container\\Container.php(596): Illuminate\\Container\\BoundMethod::call(Object(Laravel\\Lumen\\Application), Array, Array, NULL)
#37 C:\\Users\\muril\\Documents\\Tecnicatura Diseño Web\\frameworks\\CreatorsHouse-Api\\vendor\\illuminate\\console\\Command.php(136): Illuminate\\Container\\Container->call(Array)
#38 C:\\Users\\muril\\Documents\\Tecnicatura Diseño Web\\frameworks\\CreatorsHouse-Api\\vendor\\symfony\\console\\Command\\Command.php(258): Illuminate\\Console\\Command->execute(Object(Symfony\\Component\\Console\\Input\\ArgvInput), Object(Illuminate\\Console\\OutputStyle))
#39 C:\\Users\\muril\\Documents\\Tecnicatura Diseño Web\\frameworks\\CreatorsHouse-Api\\vendor\\illuminate\\console\\Command.php(121): Symfony\\Component\\Console\\Command\\Command->run(Object(Symfony\\Component\\Console\\Input\\ArgvInput), Object(Illuminate\\Console\\OutputStyle))
#40 C:\\Users\\muril\\Documents\\Tecnicatura Diseño Web\\frameworks\\CreatorsHouse-Api\\vendor\\symfony\\console\\Application.php(920): Illuminate\\Console\\Command->run(Object(Symfony\\Component\\Console\\Input\\ArgvInput), Object(Symfony\\Component\\Console\\Output\\ConsoleOutput))
#41 C:\\Users\\muril\\Documents\\Tecnicatura Diseño Web\\frameworks\\CreatorsHouse-Api\\vendor\\symfony\\console\\Application.php(266): Symfony\\Component\\Console\\Application->doRunCommand(Object(Illuminate\\Database\\Console\\Migrations\\RefreshCommand), Object(Symfony\\Component\\Console\\Input\\ArgvInput), Object(Symfony\\Component\\Console\\Output\\ConsoleOutput))
#42 C:\\Users\\muril\\Documents\\Tecnicatura Diseño Web\\frameworks\\CreatorsHouse-Api\\vendor\\symfony\\console\\Application.php(142): Symfony\\Component\\Console\\Application->doRun(Object(Symfony\\Component\\Console\\Input\\ArgvInput), Object(Symfony\\Component\\Console\\Output\\ConsoleOutput))
#43 C:\\Users\\muril\\Documents\\Tecnicatura Diseño Web\\frameworks\\CreatorsHouse-Api\\vendor\\illuminate\\console\\Application.php(93): Symfony\\Component\\Console\\Application->run(Object(Symfony\\Component\\Console\\Input\\ArgvInput), Object(Symfony\\Component\\Console\\Output\\ConsoleOutput))
#44 C:\\Users\\muril\\Documents\\Tecnicatura Diseño Web\\frameworks\\CreatorsHouse-Api\\vendor\\laravel\\lumen-framework\\src\\Console\\Kernel.php(116): Illuminate\\Console\\Application->run(Object(Symfony\\Component\\Console\\Input\\ArgvInput), Object(Symfony\\Component\\Console\\Output\\ConsoleOutput))
#45 C:\\Users\\muril\\Documents\\Tecnicatura Diseño Web\\frameworks\\CreatorsHouse-Api\\artisan(35): Laravel\\Lumen\\Console\\Kernel->handle(Object(Symfony\\Component\\Console\\Input\\ArgvInput), Object(Symfony\\Component\\Console\\Output\\ConsoleOutput))
#46 {main}
"} 
[2020-10-28 18:20:07] local.ERROR: Property [id] does not exist on this collection instance. {"exception":"[object] (Exception(code: 0): Property [id] does not exist on this collection instance. at C:\\Users\\muril\\Documents\\Tecnicatura Diseño Web\\frameworks\\CreatorsHouse-Api\\vendor\\illuminate\\collections\\Traits\\EnumeratesValues.php:861)
[stacktrace]
#0 C:\\Users\\muril\\Documents\\Tecnicatura Diseño Web\\frameworks\\CreatorsHouse-Api\\database\\factories\\CreatorFactory.php(26): Illuminate\\Support\\Collection->__get('id')
#1 C:\\Users\\muril\\Documents\\Tecnicatura Diseño Web\\frameworks\\CreatorsHouse-Api\\vendor\\illuminate\\database\\Eloquent\\Factories\\Factory.php(366): Database\\Factories\\CreatorFactory->definition()
#2 C:\\Users\\muril\\Documents\\Tecnicatura Diseño Web\\frameworks\\CreatorsHouse-Api\\vendor\\illuminate\\database\\Eloquent\\Factories\\Factory.php(345): Illuminate\\Database\\Eloquent\\Factories\\Factory->getRawAttributes(NULL)
#3 C:\\Users\\muril\\Documents\\Tecnicatura Diseño Web\\frameworks\\CreatorsHouse-Api\\vendor\\illuminate\\database\\Eloquent\\Factories\\Factory.php(329): Illuminate\\Database\\Eloquent\\Factories\\Factory->getExpandedAttributes(NULL)
#4 C:\\Users\\muril\\Documents\\Tecnicatura Diseño Web\\frameworks\\CreatorsHouse-Api\\vendor\\illuminate\\database\\Eloquent\\Concerns\\GuardsAttributes.php(151): Illuminate\\Database\\Eloquent\\Factories\\Factory->Illuminate\\Database\\Eloquent\\Factories\\{closure}()
#5 C:\\Users\\muril\\Documents\\Tecnicatura Diseño Web\\frameworks\\CreatorsHouse-Api\\vendor\\illuminate\\database\\Eloquent\\Factories\\Factory.php(334): Illuminate\\Database\\Eloquent\\Model::unguarded(Object(Closure))
#6 C:\\Users\\muril\\Documents\\Tecnicatura Diseño Web\\frameworks\\CreatorsHouse-Api\\vendor\\illuminate\\database\\Eloquent\\Factories\\Factory.php(312): Illuminate\\Database\\Eloquent\\Factories\\Factory->makeInstance(NULL)
#7 [internal function]: Illuminate\\Database\\Eloquent\\Factories\\Factory->Illuminate\\Database\\Eloquent\\Factories\\{closure}(1)
#8 C:\\Users\\muril\\Documents\\Tecnicatura Diseño Web\\frameworks\\CreatorsHouse-Api\\vendor\\illuminate\\database\\Eloquent\\Factories\\Factory.php(313): array_map(Object(Closure), Array)
#9 C:\\Users\\muril\\Documents\\Tecnicatura Diseño Web\\frameworks\\CreatorsHouse-Api\\vendor\\illuminate\\database\\Eloquent\\Factories\\Factory.php(228): Illuminate\\Database\\Eloquent\\Factories\\Factory->make(Array, NULL)
#10 C:\\Users\\muril\\Documents\\Tecnicatura Diseño Web\\frameworks\\CreatorsHouse-Api\\database\\seeders\\DatabaseSeeder.php(35): Illuminate\\Database\\Eloquent\\Factories\\Factory->create()
#11 C:\\Users\\muril\\Documents\\Tecnicatura Diseño Web\\frameworks\\CreatorsHouse-Api\\vendor\\illuminate\\container\\BoundMethod.php(36): Database\\Seeders\\DatabaseSeeder->run()
#12 C:\\Users\\muril\\Documents\\Tecnicatura Diseño Web\\frameworks\\CreatorsHouse-Api\\vendor\\illuminate\\container\\Util.php(40): Illuminate\\Container\\BoundMethod::Illuminate\\Container\\{closure}()
#13 C:\\Users\\muril\\Documents\\Tecnicatura Diseño Web\\frameworks\\CreatorsHouse-Api\\vendor\\illuminate\\container\\BoundMethod.php(93): Illuminate\\Container\\Util::unwrapIfClosure(Object(Closure))
#14 C:\\Users\\muril\\Documents\\Tecnicatura Diseño Web\\frameworks\\CreatorsHouse-Api\\vendor\\illuminate\\container\\BoundMethod.php(37): Illuminate\\Container\\BoundMethod::callBoundMethod(Object(Laravel\\Lumen\\Application), Array, Object(Closure))
#15 C:\\Users\\muril\\Documents\\Tecnicatura Diseño Web\\frameworks\\CreatorsHouse-Api\\vendor\\illuminate\\container\\Container.php(596): Illuminate\\Container\\BoundMethod::call(Object(Laravel\\Lumen\\Application), Array, Array, NULL)
#16 C:\\Users\\muril\\Documents\\Tecnicatura Diseño Web\\frameworks\\CreatorsHouse-Api\\vendor\\illuminate\\database\\Seeder.php(149): Illuminate\\Container\\Container->call(Array, Array)
#17 C:\\Users\\muril\\Documents\\Tecnicatura Diseño Web\\frameworks\\CreatorsHouse-Api\\vendor\\illuminate\\database\\Console\\Seeds\\SeedCommand.php(65): Illuminate\\Database\\Seeder->__invoke()
#18 C:\\Users\\muril\\Documents\\Tecnicatura Diseño Web\\frameworks\\CreatorsHouse-Api\\vendor\\illuminate\\database\\Eloquent\\Concerns\\GuardsAttributes.php(157): Illuminate\\Database\\Console\\Seeds\\SeedCommand->Illuminate\\Database\\Console\\Seeds\\{closure}()
#19 C:\\Users\\muril\\Documents\\Tecnicatura Diseño Web\\frameworks\\CreatorsHouse-Api\\vendor\\illuminate\\database\\Console\\Seeds\\SeedCommand.php(66): Illuminate\\Database\\Eloquent\\Model::unguarded(Object(Closure))
#20 C:\\Users\\muril\\Documents\\Tecnicatura Diseño Web\\frameworks\\CreatorsHouse-Api\\vendor\\illuminate\\container\\BoundMethod.php(36): Illuminate\\Database\\Console\\Seeds\\SeedCommand->handle()
#21 C:\\Users\\muril\\Documents\\Tecnicatura Diseño Web\\frameworks\\CreatorsHouse-Api\\vendor\\illuminate\\container\\Util.php(40): Illuminate\\Container\\BoundMethod::Illuminate\\Container\\{closure}()
#22 C:\\Users\\muril\\Documents\\Tecnicatura Diseño Web\\frameworks\\CreatorsHouse-Api\\vendor\\illuminate\\container\\BoundMethod.php(93): Illuminate\\Container\\Util::unwrapIfClosure(Object(Closure))
#23 C:\\Users\\muril\\Documents\\Tecnicatura Diseño Web\\frameworks\\CreatorsHouse-Api\\vendor\\illuminate\\container\\BoundMethod.php(37): Illuminate\\Container\\BoundMethod::callBoundMethod(Object(Laravel\\Lumen\\Application), Array, Object(Closure))
#24 C:\\Users\\muril\\Documents\\Tecnicatura Diseño Web\\frameworks\\CreatorsHouse-Api\\vendor\\illuminate\\container\\Container.php(596): Illuminate\\Container\\BoundMethod::call(Object(Laravel\\Lumen\\Application), Array, Array, NULL)
#25 C:\\Users\\muril\\Documents\\Tecnicatura Diseño Web\\frameworks\\CreatorsHouse-Api\\vendor\\illuminate\\console\\Command.php(136): Illuminate\\Container\\Container->call(Array)
#26 C:\\Users\\muril\\Documents\\Tecnicatura Diseño Web\\frameworks\\CreatorsHouse-Api\\vendor\\symfony\\console\\Command\\Command.php(258): Illuminate\\Console\\Command->execute(Object(Symfony\\Component\\Console\\Input\\ArrayInput), Object(Illuminate\\Console\\OutputStyle))
#27 C:\\Users\\muril\\Documents\\Tecnicatura Diseño Web\\frameworks\\CreatorsHouse-Api\\vendor\\illuminate\\console\\Command.php(121): Symfony\\Component\\Console\\Command\\Command->run(Object(Symfony\\Component\\Console\\Input\\ArrayInput), Object(Illuminate\\Console\\OutputStyle))
#28 C:\\Users\\muril\\Documents\\Tecnicatura Diseño Web\\frameworks\\CreatorsHouse-Api\\vendor\\illuminate\\console\\Concerns\\CallsCommands.php(56): Illuminate\\Console\\Command->run(Object(Symfony\\Component\\Console\\Input\\ArrayInput), Object(Illuminate\\Console\\OutputStyle))
#29 C:\\Users\\muril\\Documents\\Tecnicatura Diseño Web\\frameworks\\CreatorsHouse-Api\\vendor\\illuminate\\console\\Concerns\\CallsCommands.php(28): Illuminate\\Console\\Command->runCommand('db:seed', Array, Object(Illuminate\\Console\\OutputStyle))
#30 C:\\Users\\muril\\Documents\\Tecnicatura Diseño Web\\frameworks\\CreatorsHouse-Api\\vendor\\illuminate\\database\\Console\\Migrations\\RefreshCommand.php(128): Illuminate\\Console\\Command->call('db:seed', Array)
#31 C:\\Users\\muril\\Documents\\Tecnicatura Diseño Web\\frameworks\\CreatorsHouse-Api\\vendor\\illuminate\\database\\Console\\Migrations\\RefreshCommand.php(67): Illuminate\\Database\\Console\\Migrations\\RefreshCommand->runSeeder(NULL)
#32 C:\\Users\\muril\\Documents\\Tecnicatura Diseño Web\\frameworks\\CreatorsHouse-Api\\vendor\\illuminate\\container\\BoundMethod.php(36): Illuminate\\Database\\Console\\Migrations\\RefreshCommand->handle()
#33 C:\\Users\\muril\\Documents\\Tecnicatura Diseño Web\\frameworks\\CreatorsHouse-Api\\vendor\\illuminate\\container\\Util.php(40): Illuminate\\Container\\BoundMethod::Illuminate\\Container\\{closure}()
#34 C:\\Users\\muril\\Documents\\Tecnicatura Diseño Web\\frameworks\\CreatorsHouse-Api\\vendor\\illuminate\\container\\BoundMethod.php(93): Illuminate\\Container\\Util::unwrapIfClosure(Object(Closure))
#35 C:\\Users\\muril\\Documents\\Tecnicatura Diseño Web\\frameworks\\CreatorsHouse-Api\\vendor\\illuminate\\container\\BoundMethod.php(37): Illuminate\\Container\\BoundMethod::callBoundMethod(Object(Laravel\\Lumen\\Application), Array, Object(Closure))
#36 C:\\Users\\muril\\Documents\\Tecnicatura Diseño Web\\frameworks\\CreatorsHouse-Api\\vendor\\illuminate\\container\\Container.php(596): Illuminate\\Container\\BoundMethod::call(Object(Laravel\\Lumen\\Application), Array, Array, NULL)
#37 C:\\Users\\muril\\Documents\\Tecnicatura Diseño Web\\frameworks\\CreatorsHouse-Api\\vendor\\illuminate\\console\\Command.php(136): Illuminate\\Container\\Container->call(Array)
#38 C:\\Users\\muril\\Documents\\Tecnicatura Diseño Web\\frameworks\\CreatorsHouse-Api\\vendor\\symfony\\console\\Command\\Command.php(258): Illuminate\\Console\\Command->execute(Object(Symfony\\Component\\Console\\Input\\ArgvInput), Object(Illuminate\\Console\\OutputStyle))
#39 C:\\Users\\muril\\Documents\\Tecnicatura Diseño Web\\frameworks\\CreatorsHouse-Api\\vendor\\illuminate\\console\\Command.php(121): Symfony\\Component\\Console\\Command\\Command->run(Object(Symfony\\Component\\Console\\Input\\ArgvInput), Object(Illuminate\\Console\\OutputStyle))
#40 C:\\Users\\muril\\Documents\\Tecnicatura Diseño Web\\frameworks\\CreatorsHouse-Api\\vendor\\symfony\\console\\Application.php(920): Illuminate\\Console\\Command->run(Object(Symfony\\Component\\Console\\Input\\ArgvInput), Object(Symfony\\Component\\Console\\Output\\ConsoleOutput))
#41 C:\\Users\\muril\\Documents\\Tecnicatura Diseño Web\\frameworks\\CreatorsHouse-Api\\vendor\\symfony\\console\\Application.php(266): Symfony\\Component\\Console\\Application->doRunCommand(Object(Illuminate\\Database\\Console\\Migrations\\RefreshCommand), Object(Symfony\\Component\\Console\\Input\\ArgvInput), Object(Symfony\\Component\\Console\\Output\\ConsoleOutput))
#42 C:\\Users\\muril\\Documents\\Tecnicatura Diseño Web\\frameworks\\CreatorsHouse-Api\\vendor\\symfony\\console\\Application.php(142): Symfony\\Component\\Console\\Application->doRun(Object(Symfony\\Component\\Console\\Input\\ArgvInput), Object(Symfony\\Component\\Console\\Output\\ConsoleOutput))
#43 C:\\Users\\muril\\Documents\\Tecnicatura Diseño Web\\frameworks\\CreatorsHouse-Api\\vendor\\illuminate\\console\\Application.php(93): Symfony\\Component\\Console\\Application->run(Object(Symfony\\Component\\Console\\Input\\ArgvInput), Object(Symfony\\Component\\Console\\Output\\ConsoleOutput))
#44 C:\\Users\\muril\\Documents\\Tecnicatura Diseño Web\\frameworks\\CreatorsHouse-Api\\vendor\\laravel\\lumen-framework\\src\\Console\\Kernel.php(116): Illuminate\\Console\\Application->run(Object(Symfony\\Component\\Console\\Input\\ArgvInput), Object(Symfony\\Component\\Console\\Output\\ConsoleOutput))
#45 C:\\Users\\muril\\Documents\\Tecnicatura Diseño Web\\frameworks\\CreatorsHouse-Api\\artisan(35): Laravel\\Lumen\\Console\\Kernel->handle(Object(Symfony\\Component\\Console\\Input\\ArgvInput), Object(Symfony\\Component\\Console\\Output\\ConsoleOutput))
#46 {main}
"} 
[2020-10-28 18:20:40] local.ERROR: Property [id] does not exist on this collection instance. {"exception":"[object] (Exception(code: 0): Property [id] does not exist on this collection instance. at C:\\Users\\muril\\Documents\\Tecnicatura Diseño Web\\frameworks\\CreatorsHouse-Api\\vendor\\illuminate\\collections\\Traits\\EnumeratesValues.php:861)
[stacktrace]
#0 C:\\Users\\muril\\Documents\\Tecnicatura Diseño Web\\frameworks\\CreatorsHouse-Api\\database\\factories\\CreatorFactory.php(26): Illuminate\\Support\\Collection->__get('id')
#1 C:\\Users\\muril\\Documents\\Tecnicatura Diseño Web\\frameworks\\CreatorsHouse-Api\\vendor\\illuminate\\database\\Eloquent\\Factories\\Factory.php(366): Database\\Factories\\CreatorFactory->definition()
#2 C:\\Users\\muril\\Documents\\Tecnicatura Diseño Web\\frameworks\\CreatorsHouse-Api\\vendor\\illuminate\\database\\Eloquent\\Factories\\Factory.php(345): Illuminate\\Database\\Eloquent\\Factories\\Factory->getRawAttributes(NULL)
#3 C:\\Users\\muril\\Documents\\Tecnicatura Diseño Web\\frameworks\\CreatorsHouse-Api\\vendor\\illuminate\\database\\Eloquent\\Factories\\Factory.php(329): Illuminate\\Database\\Eloquent\\Factories\\Factory->getExpandedAttributes(NULL)
#4 C:\\Users\\muril\\Documents\\Tecnicatura Diseño Web\\frameworks\\CreatorsHouse-Api\\vendor\\illuminate\\database\\Eloquent\\Concerns\\GuardsAttributes.php(151): Illuminate\\Database\\Eloquent\\Factories\\Factory->Illuminate\\Database\\Eloquent\\Factories\\{closure}()
#5 C:\\Users\\muril\\Documents\\Tecnicatura Diseño Web\\frameworks\\CreatorsHouse-Api\\vendor\\illuminate\\database\\Eloquent\\Factories\\Factory.php(334): Illuminate\\Database\\Eloquent\\Model::unguarded(Object(Closure))
#6 C:\\Users\\muril\\Documents\\Tecnicatura Diseño Web\\frameworks\\CreatorsHouse-Api\\vendor\\illuminate\\database\\Eloquent\\Factories\\Factory.php(312): Illuminate\\Database\\Eloquent\\Factories\\Factory->makeInstance(NULL)
#7 [internal function]: Illuminate\\Database\\Eloquent\\Factories\\Factory->Illuminate\\Database\\Eloquent\\Factories\\{closure}(1)
#8 C:\\Users\\muril\\Documents\\Tecnicatura Diseño Web\\frameworks\\CreatorsHouse-Api\\vendor\\illuminate\\database\\Eloquent\\Factories\\Factory.php(313): array_map(Object(Closure), Array)
#9 C:\\Users\\muril\\Documents\\Tecnicatura Diseño Web\\frameworks\\CreatorsHouse-Api\\vendor\\illuminate\\database\\Eloquent\\Factories\\Factory.php(228): Illuminate\\Database\\Eloquent\\Factories\\Factory->make(Array, NULL)
#10 C:\\Users\\muril\\Documents\\Tecnicatura Diseño Web\\frameworks\\CreatorsHouse-Api\\database\\seeders\\DatabaseSeeder.php(35): Illuminate\\Database\\Eloquent\\Factories\\Factory->create()
#11 C:\\Users\\muril\\Documents\\Tecnicatura Diseño Web\\frameworks\\CreatorsHouse-Api\\vendor\\illuminate\\container\\BoundMethod.php(36): Database\\Seeders\\DatabaseSeeder->run()
#12 C:\\Users\\muril\\Documents\\Tecnicatura Diseño Web\\frameworks\\CreatorsHouse-Api\\vendor\\illuminate\\container\\Util.php(40): Illuminate\\Container\\BoundMethod::Illuminate\\Container\\{closure}()
#13 C:\\Users\\muril\\Documents\\Tecnicatura Diseño Web\\frameworks\\CreatorsHouse-Api\\vendor\\illuminate\\container\\BoundMethod.php(93): Illuminate\\Container\\Util::unwrapIfClosure(Object(Closure))
#14 C:\\Users\\muril\\Documents\\Tecnicatura Diseño Web\\frameworks\\CreatorsHouse-Api\\vendor\\illuminate\\container\\BoundMethod.php(37): Illuminate\\Container\\BoundMethod::callBoundMethod(Object(Laravel\\Lumen\\Application), Array, Object(Closure))
#15 C:\\Users\\muril\\Documents\\Tecnicatura Diseño Web\\frameworks\\CreatorsHouse-Api\\vendor\\illuminate\\container\\Container.php(596): Illuminate\\Container\\BoundMethod::call(Object(Laravel\\Lumen\\Application), Array, Array, NULL)
#16 C:\\Users\\muril\\Documents\\Tecnicatura Diseño Web\\frameworks\\CreatorsHouse-Api\\vendor\\illuminate\\database\\Seeder.php(149): Illuminate\\Container\\Container->call(Array, Array)
#17 C:\\Users\\muril\\Documents\\Tecnicatura Diseño Web\\frameworks\\CreatorsHouse-Api\\vendor\\illuminate\\database\\Console\\Seeds\\SeedCommand.php(65): Illuminate\\Database\\Seeder->__invoke()
#18 C:\\Users\\muril\\Documents\\Tecnicatura Diseño Web\\frameworks\\CreatorsHouse-Api\\vendor\\illuminate\\database\\Eloquent\\Concerns\\GuardsAttributes.php(157): Illuminate\\Database\\Console\\Seeds\\SeedCommand->Illuminate\\Database\\Console\\Seeds\\{closure}()
#19 C:\\Users\\muril\\Documents\\Tecnicatura Diseño Web\\frameworks\\CreatorsHouse-Api\\vendor\\illuminate\\database\\Console\\Seeds\\SeedCommand.php(66): Illuminate\\Database\\Eloquent\\Model::unguarded(Object(Closure))
#20 C:\\Users\\muril\\Documents\\Tecnicatura Diseño Web\\frameworks\\CreatorsHouse-Api\\vendor\\illuminate\\container\\BoundMethod.php(36): Illuminate\\Database\\Console\\Seeds\\SeedCommand->handle()
#21 C:\\Users\\muril\\Documents\\Tecnicatura Diseño Web\\frameworks\\CreatorsHouse-Api\\vendor\\illuminate\\container\\Util.php(40): Illuminate\\Container\\BoundMethod::Illuminate\\Container\\{closure}()
#22 C:\\Users\\muril\\Documents\\Tecnicatura Diseño Web\\frameworks\\CreatorsHouse-Api\\vendor\\illuminate\\container\\BoundMethod.php(93): Illuminate\\Container\\Util::unwrapIfClosure(Object(Closure))
#23 C:\\Users\\muril\\Documents\\Tecnicatura Diseño Web\\frameworks\\CreatorsHouse-Api\\vendor\\illuminate\\container\\BoundMethod.php(37): Illuminate\\Container\\BoundMethod::callBoundMethod(Object(Laravel\\Lumen\\Application), Array, Object(Closure))
#24 C:\\Users\\muril\\Documents\\Tecnicatura Diseño Web\\frameworks\\CreatorsHouse-Api\\vendor\\illuminate\\container\\Container.php(596): Illuminate\\Container\\BoundMethod::call(Object(Laravel\\Lumen\\Application), Array, Array, NULL)
#25 C:\\Users\\muril\\Documents\\Tecnicatura Diseño Web\\frameworks\\CreatorsHouse-Api\\vendor\\illuminate\\console\\Command.php(136): Illuminate\\Container\\Container->call(Array)
#26 C:\\Users\\muril\\Documents\\Tecnicatura Diseño Web\\frameworks\\CreatorsHouse-Api\\vendor\\symfony\\console\\Command\\Command.php(258): Illuminate\\Console\\Command->execute(Object(Symfony\\Component\\Console\\Input\\ArrayInput), Object(Illuminate\\Console\\OutputStyle))
#27 C:\\Users\\muril\\Documents\\Tecnicatura Diseño Web\\frameworks\\CreatorsHouse-Api\\vendor\\illuminate\\console\\Command.php(121): Symfony\\Component\\Console\\Command\\Command->run(Object(Symfony\\Component\\Console\\Input\\ArrayInput), Object(Illuminate\\Console\\OutputStyle))
#28 C:\\Users\\muril\\Documents\\Tecnicatura Diseño Web\\frameworks\\CreatorsHouse-Api\\vendor\\illuminate\\console\\Concerns\\CallsCommands.php(56): Illuminate\\Console\\Command->run(Object(Symfony\\Component\\Console\\Input\\ArrayInput), Object(Illuminate\\Console\\OutputStyle))
#29 C:\\Users\\muril\\Documents\\Tecnicatura Diseño Web\\frameworks\\CreatorsHouse-Api\\vendor\\illuminate\\console\\Concerns\\CallsCommands.php(28): Illuminate\\Console\\Command->runCommand('db:seed', Array, Object(Illuminate\\Console\\OutputStyle))
#30 C:\\Users\\muril\\Documents\\Tecnicatura Diseño Web\\frameworks\\CreatorsHouse-Api\\vendor\\illuminate\\database\\Console\\Migrations\\RefreshCommand.php(128): Illuminate\\Console\\Command->call('db:seed', Array)
#31 C:\\Users\\muril\\Documents\\Tecnicatura Diseño Web\\frameworks\\CreatorsHouse-Api\\vendor\\illuminate\\database\\Console\\Migrations\\RefreshCommand.php(67): Illuminate\\Database\\Console\\Migrations\\RefreshCommand->runSeeder(NULL)
#32 C:\\Users\\muril\\Documents\\Tecnicatura Diseño Web\\frameworks\\CreatorsHouse-Api\\vendor\\illuminate\\container\\BoundMethod.php(36): Illuminate\\Database\\Console\\Migrations\\RefreshCommand->handle()
#33 C:\\Users\\muril\\Documents\\Tecnicatura Diseño Web\\frameworks\\CreatorsHouse-Api\\vendor\\illuminate\\container\\Util.php(40): Illuminate\\Container\\BoundMethod::Illuminate\\Container\\{closure}()
#34 C:\\Users\\muril\\Documents\\Tecnicatura Diseño Web\\frameworks\\CreatorsHouse-Api\\vendor\\illuminate\\container\\BoundMethod.php(93): Illuminate\\Container\\Util::unwrapIfClosure(Object(Closure))
#35 C:\\Users\\muril\\Documents\\Tecnicatura Diseño Web\\frameworks\\CreatorsHouse-Api\\vendor\\illuminate\\container\\BoundMethod.php(37): Illuminate\\Container\\BoundMethod::callBoundMethod(Object(Laravel\\Lumen\\Application), Array, Object(Closure))
#36 C:\\Users\\muril\\Documents\\Tecnicatura Diseño Web\\frameworks\\CreatorsHouse-Api\\vendor\\illuminate\\container\\Container.php(596): Illuminate\\Container\\BoundMethod::call(Object(Laravel\\Lumen\\Application), Array, Array, NULL)
#37 C:\\Users\\muril\\Documents\\Tecnicatura Diseño Web\\frameworks\\CreatorsHouse-Api\\vendor\\illuminate\\console\\Command.php(136): Illuminate\\Container\\Container->call(Array)
#38 C:\\Users\\muril\\Documents\\Tecnicatura Diseño Web\\frameworks\\CreatorsHouse-Api\\vendor\\symfony\\console\\Command\\Command.php(258): Illuminate\\Console\\Command->execute(Object(Symfony\\Component\\Console\\Input\\ArgvInput), Object(Illuminate\\Console\\OutputStyle))
#39 C:\\Users\\muril\\Documents\\Tecnicatura Diseño Web\\frameworks\\CreatorsHouse-Api\\vendor\\illuminate\\console\\Command.php(121): Symfony\\Component\\Console\\Command\\Command->run(Object(Symfony\\Component\\Console\\Input\\ArgvInput), Object(Illuminate\\Console\\OutputStyle))
#40 C:\\Users\\muril\\Documents\\Tecnicatura Diseño Web\\frameworks\\CreatorsHouse-Api\\vendor\\symfony\\console\\Application.php(920): Illuminate\\Console\\Command->run(Object(Symfony\\Component\\Console\\Input\\ArgvInput), Object(Symfony\\Component\\Console\\Output\\ConsoleOutput))
#41 C:\\Users\\muril\\Documents\\Tecnicatura Diseño Web\\frameworks\\CreatorsHouse-Api\\vendor\\symfony\\console\\Application.php(266): Symfony\\Component\\Console\\Application->doRunCommand(Object(Illuminate\\Database\\Console\\Migrations\\RefreshCommand), Object(Symfony\\Component\\Console\\Input\\ArgvInput), Object(Symfony\\Component\\Console\\Output\\ConsoleOutput))
#42 C:\\Users\\muril\\Documents\\Tecnicatura Diseño Web\\frameworks\\CreatorsHouse-Api\\vendor\\symfony\\console\\Application.php(142): Symfony\\Component\\Console\\Application->doRun(Object(Symfony\\Component\\Console\\Input\\ArgvInput), Object(Symfony\\Component\\Console\\Output\\ConsoleOutput))
#43 C:\\Users\\muril\\Documents\\Tecnicatura Diseño Web\\frameworks\\CreatorsHouse-Api\\vendor\\illuminate\\console\\Application.php(93): Symfony\\Component\\Console\\Application->run(Object(Symfony\\Component\\Console\\Input\\ArgvInput), Object(Symfony\\Component\\Console\\Output\\ConsoleOutput))
#44 C:\\Users\\muril\\Documents\\Tecnicatura Diseño Web\\frameworks\\CreatorsHouse-Api\\vendor\\laravel\\lumen-framework\\src\\Console\\Kernel.php(116): Illuminate\\Console\\Application->run(Object(Symfony\\Component\\Console\\Input\\ArgvInput), Object(Symfony\\Component\\Console\\Output\\ConsoleOutput))
#45 C:\\Users\\muril\\Documents\\Tecnicatura Diseño Web\\frameworks\\CreatorsHouse-Api\\artisan(35): Laravel\\Lumen\\Console\\Kernel->handle(Object(Symfony\\Component\\Console\\Input\\ArgvInput), Object(Symfony\\Component\\Console\\Output\\ConsoleOutput))
#46 {main}
"} 
[2020-10-28 20:02:17] local.ERROR: Personal access client not found. Please create one. {"exception":"[object] (RuntimeException(code: 0): Personal access client not found. Please create one. at C:\\Users\\muril\\Documents\\Tecnicatura Diseño Web\\frameworks\\CreatorsHouse-Api\\vendor\\laravel\\passport\\src\\ClientRepository.php:122)
[stacktrace]
#0 C:\\Users\\muril\\Documents\\Tecnicatura Diseño Web\\frameworks\\CreatorsHouse-Api\\vendor\\laravel\\passport\\src\\PersonalAccessTokenFactory.php(72): Laravel\\Passport\\ClientRepository->personalAccessClient()
#1 C:\\Users\\muril\\Documents\\Tecnicatura Diseño Web\\frameworks\\CreatorsHouse-Api\\vendor\\laravel\\passport\\src\\HasApiTokens.php(67): Laravel\\Passport\\PersonalAccessTokenFactory->make(1, 'users', Array)
#2 C:\\Users\\muril\\Documents\\Tecnicatura Diseño Web\\frameworks\\CreatorsHouse-Api\\app\\Http\\Controllers\\UserController.php(84): App\\Models\\User->createToken('users')
#3 C:\\Users\\muril\\Documents\\Tecnicatura Diseño Web\\frameworks\\CreatorsHouse-Api\\vendor\\illuminate\\container\\BoundMethod.php(36): App\\Http\\Controllers\\UserController->login(Object(Laravel\\Lumen\\Http\\Request))
#4 C:\\Users\\muril\\Documents\\Tecnicatura Diseño Web\\frameworks\\CreatorsHouse-Api\\vendor\\illuminate\\container\\Util.php(40): Illuminate\\Container\\BoundMethod::Illuminate\\Container\\{closure}()
#5 C:\\Users\\muril\\Documents\\Tecnicatura Diseño Web\\frameworks\\CreatorsHouse-Api\\vendor\\illuminate\\container\\BoundMethod.php(93): Illuminate\\Container\\Util::unwrapIfClosure(Object(Closure))
#6 C:\\Users\\muril\\Documents\\Tecnicatura Diseño Web\\frameworks\\CreatorsHouse-Api\\vendor\\illuminate\\container\\BoundMethod.php(37): Illuminate\\Container\\BoundMethod::callBoundMethod(Object(Laravel\\Lumen\\Application), Array, Object(Closure))
#7 C:\\Users\\muril\\Documents\\Tecnicatura Diseño Web\\frameworks\\CreatorsHouse-Api\\vendor\\illuminate\\container\\Container.php(596): Illuminate\\Container\\BoundMethod::call(Object(Laravel\\Lumen\\Application), Array, Array, NULL)
#8 C:\\Users\\muril\\Documents\\Tecnicatura Diseño Web\\frameworks\\CreatorsHouse-Api\\vendor\\laravel\\lumen-framework\\src\\Concerns\\RoutesRequests.php(386): Illuminate\\Container\\Container->call(Array, Array)
#9 C:\\Users\\muril\\Documents\\Tecnicatura Diseño Web\\frameworks\\CreatorsHouse-Api\\vendor\\laravel\\lumen-framework\\src\\Concerns\\RoutesRequests.php(352): Laravel\\Lumen\\Application->callControllerCallable(Array, Array)
#10 C:\\Users\\muril\\Documents\\Tecnicatura Diseño Web\\frameworks\\CreatorsHouse-Api\\vendor\\laravel\\lumen-framework\\src\\Concerns\\RoutesRequests.php(326): Laravel\\Lumen\\Application->callLumenController(Object(App\\Http\\Controllers\\UserController), 'login', Array)
#11 C:\\Users\\muril\\Documents\\Tecnicatura Diseño Web\\frameworks\\CreatorsHouse-Api\\vendor\\laravel\\lumen-framework\\src\\Concerns\\RoutesRequests.php(279): Laravel\\Lumen\\Application->callControllerAction(Array)
#12 C:\\Users\\muril\\Documents\\Tecnicatura Diseño Web\\frameworks\\CreatorsHouse-Api\\vendor\\laravel\\lumen-framework\\src\\Concerns\\RoutesRequests.php(264): Laravel\\Lumen\\Application->callActionOnArrayBasedRoute(Array)
#13 C:\\Users\\muril\\Documents\\Tecnicatura Diseño Web\\frameworks\\CreatorsHouse-Api\\vendor\\laravel\\lumen-framework\\src\\Concerns\\RoutesRequests.php(166): Laravel\\Lumen\\Application->handleFoundRoute(Array)
#14 [internal function]: Laravel\\Lumen\\Application->Laravel\\Lumen\\Concerns\\{closure}(Object(Laravel\\Lumen\\Http\\Request))
#15 C:\\Users\\muril\\Documents\\Tecnicatura Diseño Web\\frameworks\\CreatorsHouse-Api\\vendor\\laravel\\lumen-framework\\src\\Routing\\Pipeline.php(48): call_user_func(Object(Closure), Object(Laravel\\Lumen\\Http\\Request))
#16 C:\\Users\\muril\\Documents\\Tecnicatura Diseño Web\\frameworks\\CreatorsHouse-Api\\vendor\\fruitcake\\laravel-cors\\src\\HandleCors.php(57): Laravel\\Lumen\\Routing\\Pipeline->Laravel\\Lumen\\Routing\\{closure}(Object(Laravel\\Lumen\\Http\\Request))
#17 C:\\Users\\muril\\Documents\\Tecnicatura Diseño Web\\frameworks\\CreatorsHouse-Api\\vendor\\illuminate\\pipeline\\Pipeline.php(167): Fruitcake\\Cors\\HandleCors->handle(Object(Laravel\\Lumen\\Http\\Request), Object(Closure))
#18 [internal function]: Illuminate\\Pipeline\\Pipeline->Illuminate\\Pipeline\\{closure}(Object(Laravel\\Lumen\\Http\\Request))
#19 C:\\Users\\muril\\Documents\\Tecnicatura Diseño Web\\frameworks\\CreatorsHouse-Api\\vendor\\laravel\\lumen-framework\\src\\Routing\\Pipeline.php(30): call_user_func(Object(Closure), Object(Laravel\\Lumen\\Http\\Request))
#20 C:\\Users\\muril\\Documents\\Tecnicatura Diseño Web\\frameworks\\CreatorsHouse-Api\\vendor\\illuminate\\pipeline\\Pipeline.php(103): Laravel\\Lumen\\Routing\\Pipeline->Laravel\\Lumen\\Routing\\{closure}(Object(Laravel\\Lumen\\Http\\Request))
#21 C:\\Users\\muril\\Documents\\Tecnicatura Diseño Web\\frameworks\\CreatorsHouse-Api\\vendor\\laravel\\lumen-framework\\src\\Concerns\\RoutesRequests.php(423): Illuminate\\Pipeline\\Pipeline->then(Object(Closure))
#22 C:\\Users\\muril\\Documents\\Tecnicatura Diseño Web\\frameworks\\CreatorsHouse-Api\\vendor\\laravel\\lumen-framework\\src\\Concerns\\RoutesRequests.php(172): Laravel\\Lumen\\Application->sendThroughPipeline(Array, Object(Closure))
#23 C:\\Users\\muril\\Documents\\Tecnicatura Diseño Web\\frameworks\\CreatorsHouse-Api\\vendor\\laravel\\lumen-framework\\src\\Concerns\\RoutesRequests.php(109): Laravel\\Lumen\\Application->dispatch(NULL)
#24 C:\\Users\\muril\\Documents\\Tecnicatura Diseño Web\\frameworks\\CreatorsHouse-Api\\public\\index.php(28): Laravel\\Lumen\\Application->run()
#25 {main}
"} 
